=== puma startup: 2018-04-23 17:10:01 +0800 ===
Started GET "/topics/Linux%E4%B8%8B%E4%BA%A7%E7%94%9F%E9%9A%8F%E6%9C%BA%E5%AF%86%E7%A0%8110%E6%96%B9%E6%B3%95" for 127.0.0.1 at 2018-04-23 17:10:22 +0800
  [1m[35m (0.7ms)[0m  [1m[34mSELECT "schema_migrations"."version" FROM "schema_migrations" ORDER BY "schema_migrations"."version" ASC[0m
Processing by TopicsController#show as HTML
  Parameters: {"id"=>"Linuxä¸‹äº§ç”Ÿéšæœºå¯†ç 10æ–¹æ³•"}
  [1m[36mTopic Load (0.5ms)[0m  [1m[34mSELECT  "topics".* FROM "topics" WHERE "topics"."title" = $1 ORDER BY "topics"."id" ASC LIMIT $2[0m  [["title", "Linuxä¸‹äº§ç”Ÿéšæœºå¯†ç 10æ–¹æ³•"], ["LIMIT", 1]]
  [1m[35m (0.2ms)[0m  [1m[35mBEGIN[0m
  [1m[35mSQL (0.7ms)[0m  [1m[33mUPDATE "topics" SET "reading_count" = $1, "updated_at" = $2 WHERE "topics"."id" = $3[0m  [["reading_count", 3], ["updated_at", "2018-04-23 09:10:22.080342"], ["id", 26]]
  [1m[35m (1.1ms)[0m  [1m[35mCOMMIT[0m
  Rendering topics/show.html.erb within layouts/application
=======================================
plaintext
=======================================
plaintext
=======================================
plaintext
=======================================
plaintext
=======================================
plaintext
=======================================
plaintext
=======================================
plaintext
=======================================
plaintext
=======================================
plaintext
=======================================
plaintext
  Rendered topics/show.html.erb within layouts/application (24.7ms)
Completed 200 OK in 222ms (Views: 202.1ms | ActiveRecord: 6.0ms)


- Gracefully stopping, waiting for requests to finish
=== puma shutdown: 2018-04-23 17:16:19 +0800 ===
- Goodbye!
Exiting
=== puma startup: 2018-04-23 17:42:54 +0800 ===
Started GET "/topics/Linux%E4%B8%8B%E4%BA%A7%E7%94%9F%E9%9A%8F%E6%9C%BA%E5%AF%86%E7%A0%8110%E6%96%B9%E6%B3%95" for 127.0.0.1 at 2018-04-23 17:43:12 +0800
  [1m[35m (0.4ms)[0m  [1m[34mSELECT "schema_migrations"."version" FROM "schema_migrations" ORDER BY "schema_migrations"."version" ASC[0m
Processing by TopicsController#show as HTML
  Parameters: {"id"=>"Linuxä¸‹äº§ç”Ÿéšæœºå¯†ç 10æ–¹æ³•"}
  [1m[36mTopic Load (0.5ms)[0m  [1m[34mSELECT  "topics".* FROM "topics" WHERE "topics"."title" = $1 ORDER BY "topics"."id" ASC LIMIT $2[0m  [["title", "Linuxä¸‹äº§ç”Ÿéšæœºå¯†ç 10æ–¹æ³•"], ["LIMIT", 1]]
  [1m[35m (0.1ms)[0m  [1m[35mBEGIN[0m
  [1m[35mSQL (0.4ms)[0m  [1m[33mUPDATE "topics" SET "reading_count" = $1, "updated_at" = $2 WHERE "topics"."id" = $3[0m  [["reading_count", 4], ["updated_at", "2018-04-23 09:43:12.596646"], ["id", 26]]
  [1m[35m (1.2ms)[0m  [1m[35mCOMMIT[0m
  Rendering topics/show.html.erb within layouts/application
=======================================
plaintext
=======================================
plaintext
=======================================
plaintext
=======================================
plaintext
=======================================
plaintext
=======================================
plaintext
=======================================
plaintext
=======================================
plaintext
=======================================
plaintext
=======================================
plaintext
  Rendered topics/show.html.erb within layouts/application (20.3ms)
Completed 500 Internal Server Error in 2119ms (ActiveRecord: 4.6ms)


  
ActionView::Template::Error (Missing partial topics/_search, application/_search with {:locale=>[:en], :formats=>[:html], :variants=>[], :handlers=>[:raw, :erb, :html, :builder, :ruby, :coffee, :jbuilder]}. Searched in:
  * "/home/dccmmtop/rails_app/script_blog/app/views"
  * "/home/dccmmtop/.rvm/gems/ruby-2.4.3/bundler/gems/kaminari-3154ee2514cb/kaminari-core/app/views"
):
    10: 
    11:   <body>
    12:     <div class="container">
    13:       <%= render "search" %>
    14:       <%= yield %>
    15:     </div>
    16:   </body>
  
app/views/layouts/application.html.erb:13:in `_app_views_layouts_application_html_erb___4238237637761092590_47452086528420'
Started GET "/topics/Linux%E4%B8%8B%E4%BA%A7%E7%94%9F%E9%9A%8F%E6%9C%BA%E5%AF%86%E7%A0%8110%E6%96%B9%E6%B3%95" for 127.0.0.1 at 2018-04-23 18:05:38 +0800
Processing by TopicsController#show as HTML
  Parameters: {"id"=>"Linuxä¸‹äº§ç”Ÿéšæœºå¯†ç 10æ–¹æ³•"}
  [1m[36mTopic Load (0.9ms)[0m  [1m[34mSELECT  "topics".* FROM "topics" WHERE "topics"."title" = $1 ORDER BY "topics"."id" ASC LIMIT $2[0m  [["title", "Linuxä¸‹äº§ç”Ÿéšæœºå¯†ç 10æ–¹æ³•"], ["LIMIT", 1]]
  [1m[35m (0.2ms)[0m  [1m[35mBEGIN[0m
  [1m[35mSQL (0.3ms)[0m  [1m[33mUPDATE "topics" SET "reading_count" = $1, "updated_at" = $2 WHERE "topics"."id" = $3[0m  [["reading_count", 5], ["updated_at", "2018-04-23 10:05:38.888365"], ["id", 26]]
  [1m[35m (1.0ms)[0m  [1m[35mCOMMIT[0m
  Rendering topics/show.html.erb within layouts/application
=======================================
plaintext
=======================================
plaintext
=======================================
plaintext
=======================================
plaintext
=======================================
plaintext
=======================================
plaintext
=======================================
plaintext
=======================================
plaintext
=======================================
plaintext
=======================================
plaintext
  Rendered topics/show.html.erb within layouts/application (10.3ms)
Completed 500 Internal Server Error in 47ms (ActiveRecord: 4.6ms)


  
ActionView::Template::Error (Missing partial topics/_search, application/_search with {:locale=>[:en], :formats=>[:html], :variants=>[], :handlers=>[:raw, :erb, :html, :builder, :ruby, :coffee, :jbuilder]}. Searched in:
  * "/home/dccmmtop/rails_app/script_blog/app/views"
  * "/home/dccmmtop/.rvm/gems/ruby-2.4.3/bundler/gems/kaminari-3154ee2514cb/kaminari-core/app/views"
):
    10: 
    11:   <body>
    12:     <div class="container">
    13:       <%= render "search" %>
    14:       <%= yield %>
    15:     </div>
    16:   </body>
  
app/views/layouts/application.html.erb:13:in `_app_views_layouts_application_html_erb___4238237637761092590_70116999018580'
Started GET "/topics/Linux%E4%B8%8B%E4%BA%A7%E7%94%9F%E9%9A%8F%E6%9C%BA%E5%AF%86%E7%A0%8110%E6%96%B9%E6%B3%95" for 127.0.0.1 at 2018-04-23 18:06:08 +0800
Processing by TopicsController#show as HTML
  Parameters: {"id"=>"Linuxä¸‹äº§ç”Ÿéšæœºå¯†ç 10æ–¹æ³•"}
  [1m[36mTopic Load (0.7ms)[0m  [1m[34mSELECT  "topics".* FROM "topics" WHERE "topics"."title" = $1 ORDER BY "topics"."id" ASC LIMIT $2[0m  [["title", "Linuxä¸‹äº§ç”Ÿéšæœºå¯†ç 10æ–¹æ³•"], ["LIMIT", 1]]
  [1m[35m (0.2ms)[0m  [1m[35mBEGIN[0m
  [1m[35mSQL (0.5ms)[0m  [1m[33mUPDATE "topics" SET "reading_count" = $1, "updated_at" = $2 WHERE "topics"."id" = $3[0m  [["reading_count", 6], ["updated_at", "2018-04-23 10:06:08.980263"], ["id", 26]]
  [1m[35m (6.7ms)[0m  [1m[35mCOMMIT[0m
  Rendering topics/show.html.erb within layouts/application
=======================================
plaintext
=======================================
plaintext
=======================================
plaintext
=======================================
plaintext
=======================================
plaintext
=======================================
plaintext
=======================================
plaintext
=======================================
plaintext
=======================================
plaintext
=======================================
plaintext
  Rendered topics/show.html.erb within layouts/application (16.9ms)
Completed 500 Internal Server Error in 65ms (ActiveRecord: 8.2ms)


  
ActionView::Template::Error (Missing partial layout/_search with {:locale=>[:en], :formats=>[:html], :variants=>[], :handlers=>[:raw, :erb, :html, :builder, :ruby, :coffee, :jbuilder]}. Searched in:
  * "/home/dccmmtop/rails_app/script_blog/app/views"
  * "/home/dccmmtop/.rvm/gems/ruby-2.4.3/bundler/gems/kaminari-3154ee2514cb/kaminari-core/app/views"
):
    10: 
    11:   <body>
    12:     <div class="container">
    13:       <%= render "layout/search" %>
    14:       <%= yield %>
    15:     </div>
    16:   </body>
  
app/views/layouts/application.html.erb:13:in `_app_views_layouts_application_html_erb___4238237637761092590_70117008189920'
Started GET "/topics/Linux%E4%B8%8B%E4%BA%A7%E7%94%9F%E9%9A%8F%E6%9C%BA%E5%AF%86%E7%A0%8110%E6%96%B9%E6%B3%95" for 127.0.0.1 at 2018-04-23 18:06:29 +0800
Processing by TopicsController#show as HTML
  Parameters: {"id"=>"Linuxä¸‹äº§ç”Ÿéšæœºå¯†ç 10æ–¹æ³•"}
  [1m[36mTopic Load (0.8ms)[0m  [1m[34mSELECT  "topics".* FROM "topics" WHERE "topics"."title" = $1 ORDER BY "topics"."id" ASC LIMIT $2[0m  [["title", "Linuxä¸‹äº§ç”Ÿéšæœºå¯†ç 10æ–¹æ³•"], ["LIMIT", 1]]
  [1m[35m (0.3ms)[0m  [1m[35mBEGIN[0m
  [1m[35mSQL (0.8ms)[0m  [1m[33mUPDATE "topics" SET "reading_count" = $1, "updated_at" = $2 WHERE "topics"."id" = $3[0m  [["reading_count", 7], ["updated_at", "2018-04-23 10:06:29.779409"], ["id", 26]]
  [1m[35m (7.1ms)[0m  [1m[35mCOMMIT[0m
  Rendering topics/show.html.erb within layouts/application
=======================================
plaintext
=======================================
plaintext
=======================================
plaintext
=======================================
plaintext
=======================================
plaintext
=======================================
plaintext
=======================================
plaintext
=======================================
plaintext
=======================================
plaintext
=======================================
plaintext
  Rendered topics/show.html.erb within layouts/application (18.3ms)
Completed 500 Internal Server Error in 60ms (ActiveRecord: 8.9ms)


  
ActionView::Template::Error (Missing partial layout/_search with {:locale=>[:en], :formats=>[:html], :variants=>[], :handlers=>[:raw, :erb, :html, :builder, :ruby, :coffee, :jbuilder]}. Searched in:
  * "/home/dccmmtop/rails_app/script_blog/app/views"
  * "/home/dccmmtop/.rvm/gems/ruby-2.4.3/bundler/gems/kaminari-3154ee2514cb/kaminari-core/app/views"
):
    10: 
    11:   <body>
    12:     <div class="container">
    13:       <%= render "/layout/search" %>
    14:       <%= yield %>
    15:     </div>
    16:   </body>
  
app/views/layouts/application.html.erb:13:in `_app_views_layouts_application_html_erb___4238237637761092590_70116956530700'
Started GET "/" for 127.0.0.1 at 2018-04-23 18:07:04 +0800
Processing by TopicsController#index as HTML
  Rendering topics/index.html.erb within layouts/application
  [1m[36mTopic Load (3.3ms)[0m  [1m[34mSELECT "topics".* FROM "topics" ORDER BY reading_count desc,created_at desc[0m
  Rendered topics/index.html.erb within layouts/application (22.4ms)
Completed 500 Internal Server Error in 56ms (ActiveRecord: 3.3ms)


  
ActionView::Template::Error (Missing partial layout/_search with {:locale=>[:en], :formats=>[:html], :variants=>[], :handlers=>[:raw, :erb, :html, :builder, :ruby, :coffee, :jbuilder]}. Searched in:
  * "/home/dccmmtop/rails_app/script_blog/app/views"
  * "/home/dccmmtop/.rvm/gems/ruby-2.4.3/bundler/gems/kaminari-3154ee2514cb/kaminari-core/app/views"
):
    10: 
    11:   <body>
    12:     <div class="container">
    13:       <%= render "/layout/search" %>
    14:       <%= yield %>
    15:     </div>
    16:   </body>
  
app/views/layouts/application.html.erb:13:in `_app_views_layouts_application_html_erb___4238237637761092590_70116690252880'
Started GET "/" for 127.0.0.1 at 2018-04-23 18:07:06 +0800
Processing by TopicsController#index as HTML
  Rendering topics/index.html.erb within layouts/application
  [1m[36mTopic Load (0.6ms)[0m  [1m[34mSELECT "topics".* FROM "topics" ORDER BY reading_count desc,created_at desc[0m
  Rendered topics/index.html.erb within layouts/application (8.5ms)
Completed 500 Internal Server Error in 30ms (ActiveRecord: 0.6ms)


  
ActionView::Template::Error (Missing partial layout/_search with {:locale=>[:en], :formats=>[:html], :variants=>[], :handlers=>[:raw, :erb, :html, :builder, :ruby, :coffee, :jbuilder]}. Searched in:
  * "/home/dccmmtop/rails_app/script_blog/app/views"
  * "/home/dccmmtop/.rvm/gems/ruby-2.4.3/bundler/gems/kaminari-3154ee2514cb/kaminari-core/app/views"
):
    10: 
    11:   <body>
    12:     <div class="container">
    13:       <%= render "/layout/search" %>
    14:       <%= yield %>
    15:     </div>
    16:   </body>
  
app/views/layouts/application.html.erb:13:in `_app_views_layouts_application_html_erb___4238237637761092590_70117009274160'
Started GET "/" for 127.0.0.1 at 2018-04-23 18:07:23 +0800
Processing by TopicsController#index as HTML
  Rendering topics/index.html.erb within layouts/application
  [1m[36mTopic Load (0.4ms)[0m  [1m[34mSELECT "topics".* FROM "topics" ORDER BY reading_count desc,created_at desc[0m
  Rendered topics/index.html.erb within layouts/application (6.3ms)
  Rendered layouts/_search.html.erb (0.5ms)
Completed 200 OK in 27ms (Views: 25.3ms | ActiveRecord: 0.4ms)


Started GET "/" for 127.0.0.1 at 2018-04-23 18:22:23 +0800
Processing by TopicsController#index as HTML
  Rendering topics/index.html.erb within layouts/application
  [1m[36mTopic Load (0.5ms)[0m  [1m[34mSELECT "topics".* FROM "topics" ORDER BY reading_count desc,created_at desc[0m
  Rendered topics/index.html.erb within layouts/application (6.0ms)
  Rendered layouts/_search.html.erb (0.3ms)
Completed 200 OK in 29ms (Views: 27.4ms | ActiveRecord: 0.5ms)


Started GET "/" for 127.0.0.1 at 2018-04-23 18:26:08 +0800
Processing by TopicsController#index as HTML
  Rendering topics/index.html.erb within layouts/application
  [1m[36mTopic Load (0.4ms)[0m  [1m[34mSELECT "topics".* FROM "topics" ORDER BY reading_count desc,created_at desc[0m
  Rendered topics/index.html.erb within layouts/application (5.3ms)
  Rendered layouts/_search.html.erb (0.2ms)
Completed 200 OK in 26ms (Views: 25.1ms | ActiveRecord: 0.4ms)


Started GET "/" for 127.0.0.1 at 2018-04-23 18:29:20 +0800
Processing by TopicsController#index as HTML
  Rendering topics/index.html.erb within layouts/application
  [1m[36mTopic Load (0.4ms)[0m  [1m[34mSELECT "topics".* FROM "topics" ORDER BY reading_count desc,created_at desc[0m
  Rendered topics/index.html.erb within layouts/application (5.3ms)
  Rendered layouts/_search.html.erb (0.2ms)
Completed 200 OK in 27ms (Views: 26.0ms | ActiveRecord: 0.4ms)


Started POST "/topics/search" for 127.0.0.1 at 2018-04-23 18:30:10 +0800
Processing by TopicsController#search as HTML
  Parameters: {"search-word"=>""}
Can't verify CSRF token authenticity.
Completed 422 Unprocessable Entity in 1ms (ActiveRecord: 0.0ms)


  
ActionController::InvalidAuthenticityToken (ActionController::InvalidAuthenticityToken):
  
actionpack (5.1.6) lib/action_controller/metal/request_forgery_protection.rb:195:in `handle_unverified_request'
actionpack (5.1.6) lib/action_controller/metal/request_forgery_protection.rb:227:in `handle_unverified_request'
actionpack (5.1.6) lib/action_controller/metal/request_forgery_protection.rb:222:in `verify_authenticity_token'
activesupport (5.1.6) lib/active_support/callbacks.rb:413:in `block in make_lambda'
activesupport (5.1.6) lib/active_support/callbacks.rb:197:in `block (2 levels) in halting'
actionpack (5.1.6) lib/abstract_controller/callbacks.rb:12:in `block (2 levels) in <module:Callbacks>'
activesupport (5.1.6) lib/active_support/callbacks.rb:198:in `block in halting'
activesupport (5.1.6) lib/active_support/callbacks.rb:507:in `block in invoke_before'
activesupport (5.1.6) lib/active_support/callbacks.rb:507:in `each'
activesupport (5.1.6) lib/active_support/callbacks.rb:507:in `invoke_before'
activesupport (5.1.6) lib/active_support/callbacks.rb:130:in `run_callbacks'
actionpack (5.1.6) lib/abstract_controller/callbacks.rb:19:in `process_action'
actionpack (5.1.6) lib/action_controller/metal/rescue.rb:20:in `process_action'
actionpack (5.1.6) lib/action_controller/metal/instrumentation.rb:32:in `block in process_action'
activesupport (5.1.6) lib/active_support/notifications.rb:166:in `block in instrument'
activesupport (5.1.6) lib/active_support/notifications/instrumenter.rb:21:in `instrument'
activesupport (5.1.6) lib/active_support/notifications.rb:166:in `instrument'
actionpack (5.1.6) lib/action_controller/metal/instrumentation.rb:30:in `process_action'
actionpack (5.1.6) lib/action_controller/metal/params_wrapper.rb:252:in `process_action'
activerecord (5.1.6) lib/active_record/railties/controller_runtime.rb:22:in `process_action'
actionpack (5.1.6) lib/abstract_controller/base.rb:124:in `process'
actionview (5.1.6) lib/action_view/rendering.rb:30:in `process'
actionpack (5.1.6) lib/action_controller/metal.rb:189:in `dispatch'
actionpack (5.1.6) lib/action_controller/metal.rb:253:in `dispatch'
actionpack (5.1.6) lib/action_dispatch/routing/route_set.rb:49:in `dispatch'
actionpack (5.1.6) lib/action_dispatch/routing/route_set.rb:31:in `serve'
actionpack (5.1.6) lib/action_dispatch/journey/router.rb:50:in `block in serve'
actionpack (5.1.6) lib/action_dispatch/journey/router.rb:33:in `each'
actionpack (5.1.6) lib/action_dispatch/journey/router.rb:33:in `serve'
actionpack (5.1.6) lib/action_dispatch/routing/route_set.rb:844:in `call'
rack (2.0.4) lib/rack/etag.rb:25:in `call'
rack (2.0.4) lib/rack/conditional_get.rb:38:in `call'
rack (2.0.4) lib/rack/head.rb:12:in `call'
rack (2.0.4) lib/rack/session/abstract/id.rb:232:in `context'
rack (2.0.4) lib/rack/session/abstract/id.rb:226:in `call'
actionpack (5.1.6) lib/action_dispatch/middleware/cookies.rb:613:in `call'
activerecord (5.1.6) lib/active_record/migration.rb:556:in `call'
actionpack (5.1.6) lib/action_dispatch/middleware/callbacks.rb:26:in `block in call'
activesupport (5.1.6) lib/active_support/callbacks.rb:97:in `run_callbacks'
actionpack (5.1.6) lib/action_dispatch/middleware/callbacks.rb:24:in `call'
actionpack (5.1.6) lib/action_dispatch/middleware/executor.rb:12:in `call'
actionpack (5.1.6) lib/action_dispatch/middleware/debug_exceptions.rb:59:in `call'
web-console (3.6.0) lib/web_console/middleware.rb:137:in `call_app'
web-console (3.6.0) lib/web_console/middleware.rb:30:in `block in call'
web-console (3.6.0) lib/web_console/middleware.rb:20:in `catch'
web-console (3.6.0) lib/web_console/middleware.rb:20:in `call'
actionpack (5.1.6) lib/action_dispatch/middleware/show_exceptions.rb:31:in `call'
railties (5.1.6) lib/rails/rack/logger.rb:36:in `call_app'
railties (5.1.6) lib/rails/rack/logger.rb:24:in `block in call'
activesupport (5.1.6) lib/active_support/tagged_logging.rb:69:in `block in tagged'
activesupport (5.1.6) lib/active_support/tagged_logging.rb:26:in `tagged'
activesupport (5.1.6) lib/active_support/tagged_logging.rb:69:in `tagged'
railties (5.1.6) lib/rails/rack/logger.rb:24:in `call'
sprockets-rails (3.2.1) lib/sprockets/rails/quiet_assets.rb:13:in `call'
actionpack (5.1.6) lib/action_dispatch/middleware/remote_ip.rb:79:in `call'
actionpack (5.1.6) lib/action_dispatch/middleware/request_id.rb:25:in `call'
rack (2.0.4) lib/rack/method_override.rb:22:in `call'
rack (2.0.4) lib/rack/runtime.rb:22:in `call'
activesupport (5.1.6) lib/active_support/cache/strategy/local_cache_middleware.rb:27:in `call'
actionpack (5.1.6) lib/action_dispatch/middleware/executor.rb:12:in `call'
actionpack (5.1.6) lib/action_dispatch/middleware/static.rb:125:in `call'
rack (2.0.4) lib/rack/sendfile.rb:111:in `call'
railties (5.1.6) lib/rails/engine.rb:522:in `call'
puma (3.11.4) lib/puma/configuration.rb:225:in `call'
puma (3.11.4) lib/puma/server.rb:632:in `handle_request'
puma (3.11.4) lib/puma/server.rb:446:in `process_client'
puma (3.11.4) lib/puma/server.rb:306:in `block in run'
puma (3.11.4) lib/puma/thread_pool.rb:120:in `block in spawn_thread'
Started GET "/" for 127.0.0.1 at 2018-04-23 21:39:08 +0800
Processing by TopicsController#index as HTML
  Rendering topics/index.html.erb within layouts/application
  [1m[36mTopic Load (3.0ms)[0m  [1m[34mSELECT "topics".* FROM "topics" ORDER BY reading_count desc,created_at desc[0m
  Rendered topics/index.html.erb within layouts/application (24.2ms)
  Rendered layouts/_search.html.erb (0.3ms)
Completed 200 OK in 66ms (Views: 60.2ms | ActiveRecord: 3.0ms)


Started POST "/topics/search" for 127.0.0.1 at 2018-04-23 21:39:41 +0800
Processing by TopicsController#search as HTML
  Parameters: {"search-word"=>"qw"}
Can't verify CSRF token authenticity.
Completed 422 Unprocessable Entity in 1ms (ActiveRecord: 0.0ms)


  
ActionController::InvalidAuthenticityToken (ActionController::InvalidAuthenticityToken):
  
actionpack (5.1.6) lib/action_controller/metal/request_forgery_protection.rb:195:in `handle_unverified_request'
actionpack (5.1.6) lib/action_controller/metal/request_forgery_protection.rb:227:in `handle_unverified_request'
actionpack (5.1.6) lib/action_controller/metal/request_forgery_protection.rb:222:in `verify_authenticity_token'
activesupport (5.1.6) lib/active_support/callbacks.rb:413:in `block in make_lambda'
activesupport (5.1.6) lib/active_support/callbacks.rb:197:in `block (2 levels) in halting'
actionpack (5.1.6) lib/abstract_controller/callbacks.rb:12:in `block (2 levels) in <module:Callbacks>'
activesupport (5.1.6) lib/active_support/callbacks.rb:198:in `block in halting'
activesupport (5.1.6) lib/active_support/callbacks.rb:507:in `block in invoke_before'
activesupport (5.1.6) lib/active_support/callbacks.rb:507:in `each'
activesupport (5.1.6) lib/active_support/callbacks.rb:507:in `invoke_before'
activesupport (5.1.6) lib/active_support/callbacks.rb:130:in `run_callbacks'
actionpack (5.1.6) lib/abstract_controller/callbacks.rb:19:in `process_action'
actionpack (5.1.6) lib/action_controller/metal/rescue.rb:20:in `process_action'
actionpack (5.1.6) lib/action_controller/metal/instrumentation.rb:32:in `block in process_action'
activesupport (5.1.6) lib/active_support/notifications.rb:166:in `block in instrument'
activesupport (5.1.6) lib/active_support/notifications/instrumenter.rb:21:in `instrument'
activesupport (5.1.6) lib/active_support/notifications.rb:166:in `instrument'
actionpack (5.1.6) lib/action_controller/metal/instrumentation.rb:30:in `process_action'
actionpack (5.1.6) lib/action_controller/metal/params_wrapper.rb:252:in `process_action'
activerecord (5.1.6) lib/active_record/railties/controller_runtime.rb:22:in `process_action'
actionpack (5.1.6) lib/abstract_controller/base.rb:124:in `process'
actionview (5.1.6) lib/action_view/rendering.rb:30:in `process'
actionpack (5.1.6) lib/action_controller/metal.rb:189:in `dispatch'
actionpack (5.1.6) lib/action_controller/metal.rb:253:in `dispatch'
actionpack (5.1.6) lib/action_dispatch/routing/route_set.rb:49:in `dispatch'
actionpack (5.1.6) lib/action_dispatch/routing/route_set.rb:31:in `serve'
actionpack (5.1.6) lib/action_dispatch/journey/router.rb:50:in `block in serve'
actionpack (5.1.6) lib/action_dispatch/journey/router.rb:33:in `each'
actionpack (5.1.6) lib/action_dispatch/journey/router.rb:33:in `serve'
actionpack (5.1.6) lib/action_dispatch/routing/route_set.rb:844:in `call'
rack (2.0.4) lib/rack/etag.rb:25:in `call'
rack (2.0.4) lib/rack/conditional_get.rb:38:in `call'
rack (2.0.4) lib/rack/head.rb:12:in `call'
rack (2.0.4) lib/rack/session/abstract/id.rb:232:in `context'
rack (2.0.4) lib/rack/session/abstract/id.rb:226:in `call'
actionpack (5.1.6) lib/action_dispatch/middleware/cookies.rb:613:in `call'
activerecord (5.1.6) lib/active_record/migration.rb:556:in `call'
actionpack (5.1.6) lib/action_dispatch/middleware/callbacks.rb:26:in `block in call'
activesupport (5.1.6) lib/active_support/callbacks.rb:97:in `run_callbacks'
actionpack (5.1.6) lib/action_dispatch/middleware/callbacks.rb:24:in `call'
actionpack (5.1.6) lib/action_dispatch/middleware/executor.rb:12:in `call'
actionpack (5.1.6) lib/action_dispatch/middleware/debug_exceptions.rb:59:in `call'
web-console (3.6.0) lib/web_console/middleware.rb:137:in `call_app'
web-console (3.6.0) lib/web_console/middleware.rb:30:in `block in call'
web-console (3.6.0) lib/web_console/middleware.rb:20:in `catch'
web-console (3.6.0) lib/web_console/middleware.rb:20:in `call'
actionpack (5.1.6) lib/action_dispatch/middleware/show_exceptions.rb:31:in `call'
railties (5.1.6) lib/rails/rack/logger.rb:36:in `call_app'
railties (5.1.6) lib/rails/rack/logger.rb:24:in `block in call'
activesupport (5.1.6) lib/active_support/tagged_logging.rb:69:in `block in tagged'
activesupport (5.1.6) lib/active_support/tagged_logging.rb:26:in `tagged'
activesupport (5.1.6) lib/active_support/tagged_logging.rb:69:in `tagged'
railties (5.1.6) lib/rails/rack/logger.rb:24:in `call'
sprockets-rails (3.2.1) lib/sprockets/rails/quiet_assets.rb:13:in `call'
actionpack (5.1.6) lib/action_dispatch/middleware/remote_ip.rb:79:in `call'
actionpack (5.1.6) lib/action_dispatch/middleware/request_id.rb:25:in `call'
rack (2.0.4) lib/rack/method_override.rb:22:in `call'
rack (2.0.4) lib/rack/runtime.rb:22:in `call'
activesupport (5.1.6) lib/active_support/cache/strategy/local_cache_middleware.rb:27:in `call'
actionpack (5.1.6) lib/action_dispatch/middleware/executor.rb:12:in `call'
actionpack (5.1.6) lib/action_dispatch/middleware/static.rb:125:in `call'
rack (2.0.4) lib/rack/sendfile.rb:111:in `call'
railties (5.1.6) lib/rails/engine.rb:522:in `call'
puma (3.11.4) lib/puma/configuration.rb:225:in `call'
puma (3.11.4) lib/puma/server.rb:632:in `handle_request'
puma (3.11.4) lib/puma/server.rb:446:in `process_client'
puma (3.11.4) lib/puma/server.rb:306:in `block in run'
puma (3.11.4) lib/puma/thread_pool.rb:120:in `block in spawn_thread'
Started POST "/topics/search" for 127.0.0.1 at 2018-04-23 21:39:47 +0800
Processing by TopicsController#search as HTML
  Parameters: {"search-word"=>"qw"}
Can't verify CSRF token authenticity.
Completed 422 Unprocessable Entity in 1ms (ActiveRecord: 0.0ms)


  
ActionController::InvalidAuthenticityToken (ActionController::InvalidAuthenticityToken):
  
actionpack (5.1.6) lib/action_controller/metal/request_forgery_protection.rb:195:in `handle_unverified_request'
actionpack (5.1.6) lib/action_controller/metal/request_forgery_protection.rb:227:in `handle_unverified_request'
actionpack (5.1.6) lib/action_controller/metal/request_forgery_protection.rb:222:in `verify_authenticity_token'
activesupport (5.1.6) lib/active_support/callbacks.rb:413:in `block in make_lambda'
activesupport (5.1.6) lib/active_support/callbacks.rb:197:in `block (2 levels) in halting'
actionpack (5.1.6) lib/abstract_controller/callbacks.rb:12:in `block (2 levels) in <module:Callbacks>'
activesupport (5.1.6) lib/active_support/callbacks.rb:198:in `block in halting'
activesupport (5.1.6) lib/active_support/callbacks.rb:507:in `block in invoke_before'
activesupport (5.1.6) lib/active_support/callbacks.rb:507:in `each'
activesupport (5.1.6) lib/active_support/callbacks.rb:507:in `invoke_before'
activesupport (5.1.6) lib/active_support/callbacks.rb:130:in `run_callbacks'
actionpack (5.1.6) lib/abstract_controller/callbacks.rb:19:in `process_action'
actionpack (5.1.6) lib/action_controller/metal/rescue.rb:20:in `process_action'
actionpack (5.1.6) lib/action_controller/metal/instrumentation.rb:32:in `block in process_action'
activesupport (5.1.6) lib/active_support/notifications.rb:166:in `block in instrument'
activesupport (5.1.6) lib/active_support/notifications/instrumenter.rb:21:in `instrument'
activesupport (5.1.6) lib/active_support/notifications.rb:166:in `instrument'
actionpack (5.1.6) lib/action_controller/metal/instrumentation.rb:30:in `process_action'
actionpack (5.1.6) lib/action_controller/metal/params_wrapper.rb:252:in `process_action'
activerecord (5.1.6) lib/active_record/railties/controller_runtime.rb:22:in `process_action'
actionpack (5.1.6) lib/abstract_controller/base.rb:124:in `process'
actionview (5.1.6) lib/action_view/rendering.rb:30:in `process'
actionpack (5.1.6) lib/action_controller/metal.rb:189:in `dispatch'
actionpack (5.1.6) lib/action_controller/metal.rb:253:in `dispatch'
actionpack (5.1.6) lib/action_dispatch/routing/route_set.rb:49:in `dispatch'
actionpack (5.1.6) lib/action_dispatch/routing/route_set.rb:31:in `serve'
actionpack (5.1.6) lib/action_dispatch/journey/router.rb:50:in `block in serve'
actionpack (5.1.6) lib/action_dispatch/journey/router.rb:33:in `each'
actionpack (5.1.6) lib/action_dispatch/journey/router.rb:33:in `serve'
actionpack (5.1.6) lib/action_dispatch/routing/route_set.rb:844:in `call'
rack (2.0.4) lib/rack/etag.rb:25:in `call'
rack (2.0.4) lib/rack/conditional_get.rb:38:in `call'
rack (2.0.4) lib/rack/head.rb:12:in `call'
rack (2.0.4) lib/rack/session/abstract/id.rb:232:in `context'
rack (2.0.4) lib/rack/session/abstract/id.rb:226:in `call'
actionpack (5.1.6) lib/action_dispatch/middleware/cookies.rb:613:in `call'
activerecord (5.1.6) lib/active_record/migration.rb:556:in `call'
actionpack (5.1.6) lib/action_dispatch/middleware/callbacks.rb:26:in `block in call'
activesupport (5.1.6) lib/active_support/callbacks.rb:97:in `run_callbacks'
actionpack (5.1.6) lib/action_dispatch/middleware/callbacks.rb:24:in `call'
actionpack (5.1.6) lib/action_dispatch/middleware/executor.rb:12:in `call'
actionpack (5.1.6) lib/action_dispatch/middleware/debug_exceptions.rb:59:in `call'
web-console (3.6.0) lib/web_console/middleware.rb:137:in `call_app'
web-console (3.6.0) lib/web_console/middleware.rb:30:in `block in call'
web-console (3.6.0) lib/web_console/middleware.rb:20:in `catch'
web-console (3.6.0) lib/web_console/middleware.rb:20:in `call'
actionpack (5.1.6) lib/action_dispatch/middleware/show_exceptions.rb:31:in `call'
railties (5.1.6) lib/rails/rack/logger.rb:36:in `call_app'
railties (5.1.6) lib/rails/rack/logger.rb:24:in `block in call'
activesupport (5.1.6) lib/active_support/tagged_logging.rb:69:in `block in tagged'
activesupport (5.1.6) lib/active_support/tagged_logging.rb:26:in `tagged'
activesupport (5.1.6) lib/active_support/tagged_logging.rb:69:in `tagged'
railties (5.1.6) lib/rails/rack/logger.rb:24:in `call'
sprockets-rails (3.2.1) lib/sprockets/rails/quiet_assets.rb:13:in `call'
actionpack (5.1.6) lib/action_dispatch/middleware/remote_ip.rb:79:in `call'
actionpack (5.1.6) lib/action_dispatch/middleware/request_id.rb:25:in `call'
rack (2.0.4) lib/rack/method_override.rb:22:in `call'
rack (2.0.4) lib/rack/runtime.rb:22:in `call'
activesupport (5.1.6) lib/active_support/cache/strategy/local_cache_middleware.rb:27:in `call'
actionpack (5.1.6) lib/action_dispatch/middleware/executor.rb:12:in `call'
actionpack (5.1.6) lib/action_dispatch/middleware/static.rb:125:in `call'
rack (2.0.4) lib/rack/sendfile.rb:111:in `call'
railties (5.1.6) lib/rails/engine.rb:522:in `call'
puma (3.11.4) lib/puma/configuration.rb:225:in `call'
puma (3.11.4) lib/puma/server.rb:632:in `handle_request'
puma (3.11.4) lib/puma/server.rb:446:in `process_client'
puma (3.11.4) lib/puma/server.rb:306:in `block in run'
puma (3.11.4) lib/puma/thread_pool.rb:120:in `block in spawn_thread'
Started GET "/" for 127.0.0.1 at 2018-04-23 21:39:50 +0800
Processing by TopicsController#index as HTML
  Rendering topics/index.html.erb within layouts/application
  [1m[36mTopic Load (1.4ms)[0m  [1m[34mSELECT "topics".* FROM "topics" ORDER BY reading_count desc,created_at desc[0m
  Rendered topics/index.html.erb within layouts/application (19.9ms)
  Rendered layouts/_search.html.erb (0.2ms)
Completed 200 OK in 52ms (Views: 48.6ms | ActiveRecord: 1.4ms)


Started POST "/topics/search" for 127.0.0.1 at 2018-04-23 21:39:54 +0800
Processing by TopicsController#search as HTML
  Parameters: {"search-word"=>"2123"}
Can't verify CSRF token authenticity.
Completed 422 Unprocessable Entity in 1ms (ActiveRecord: 0.0ms)


  
ActionController::InvalidAuthenticityToken (ActionController::InvalidAuthenticityToken):
  
actionpack (5.1.6) lib/action_controller/metal/request_forgery_protection.rb:195:in `handle_unverified_request'
actionpack (5.1.6) lib/action_controller/metal/request_forgery_protection.rb:227:in `handle_unverified_request'
actionpack (5.1.6) lib/action_controller/metal/request_forgery_protection.rb:222:in `verify_authenticity_token'
activesupport (5.1.6) lib/active_support/callbacks.rb:413:in `block in make_lambda'
activesupport (5.1.6) lib/active_support/callbacks.rb:197:in `block (2 levels) in halting'
actionpack (5.1.6) lib/abstract_controller/callbacks.rb:12:in `block (2 levels) in <module:Callbacks>'
activesupport (5.1.6) lib/active_support/callbacks.rb:198:in `block in halting'
activesupport (5.1.6) lib/active_support/callbacks.rb:507:in `block in invoke_before'
activesupport (5.1.6) lib/active_support/callbacks.rb:507:in `each'
activesupport (5.1.6) lib/active_support/callbacks.rb:507:in `invoke_before'
activesupport (5.1.6) lib/active_support/callbacks.rb:130:in `run_callbacks'
actionpack (5.1.6) lib/abstract_controller/callbacks.rb:19:in `process_action'
actionpack (5.1.6) lib/action_controller/metal/rescue.rb:20:in `process_action'
actionpack (5.1.6) lib/action_controller/metal/instrumentation.rb:32:in `block in process_action'
activesupport (5.1.6) lib/active_support/notifications.rb:166:in `block in instrument'
activesupport (5.1.6) lib/active_support/notifications/instrumenter.rb:21:in `instrument'
activesupport (5.1.6) lib/active_support/notifications.rb:166:in `instrument'
actionpack (5.1.6) lib/action_controller/metal/instrumentation.rb:30:in `process_action'
actionpack (5.1.6) lib/action_controller/metal/params_wrapper.rb:252:in `process_action'
activerecord (5.1.6) lib/active_record/railties/controller_runtime.rb:22:in `process_action'
actionpack (5.1.6) lib/abstract_controller/base.rb:124:in `process'
actionview (5.1.6) lib/action_view/rendering.rb:30:in `process'
actionpack (5.1.6) lib/action_controller/metal.rb:189:in `dispatch'
actionpack (5.1.6) lib/action_controller/metal.rb:253:in `dispatch'
actionpack (5.1.6) lib/action_dispatch/routing/route_set.rb:49:in `dispatch'
actionpack (5.1.6) lib/action_dispatch/routing/route_set.rb:31:in `serve'
actionpack (5.1.6) lib/action_dispatch/journey/router.rb:50:in `block in serve'
actionpack (5.1.6) lib/action_dispatch/journey/router.rb:33:in `each'
actionpack (5.1.6) lib/action_dispatch/journey/router.rb:33:in `serve'
actionpack (5.1.6) lib/action_dispatch/routing/route_set.rb:844:in `call'
rack (2.0.4) lib/rack/etag.rb:25:in `call'
rack (2.0.4) lib/rack/conditional_get.rb:38:in `call'
rack (2.0.4) lib/rack/head.rb:12:in `call'
rack (2.0.4) lib/rack/session/abstract/id.rb:232:in `context'
rack (2.0.4) lib/rack/session/abstract/id.rb:226:in `call'
actionpack (5.1.6) lib/action_dispatch/middleware/cookies.rb:613:in `call'
activerecord (5.1.6) lib/active_record/migration.rb:556:in `call'
actionpack (5.1.6) lib/action_dispatch/middleware/callbacks.rb:26:in `block in call'
activesupport (5.1.6) lib/active_support/callbacks.rb:97:in `run_callbacks'
actionpack (5.1.6) lib/action_dispatch/middleware/callbacks.rb:24:in `call'
actionpack (5.1.6) lib/action_dispatch/middleware/executor.rb:12:in `call'
actionpack (5.1.6) lib/action_dispatch/middleware/debug_exceptions.rb:59:in `call'
web-console (3.6.0) lib/web_console/middleware.rb:137:in `call_app'
web-console (3.6.0) lib/web_console/middleware.rb:30:in `block in call'
web-console (3.6.0) lib/web_console/middleware.rb:20:in `catch'
web-console (3.6.0) lib/web_console/middleware.rb:20:in `call'
actionpack (5.1.6) lib/action_dispatch/middleware/show_exceptions.rb:31:in `call'
railties (5.1.6) lib/rails/rack/logger.rb:36:in `call_app'
railties (5.1.6) lib/rails/rack/logger.rb:24:in `block in call'
activesupport (5.1.6) lib/active_support/tagged_logging.rb:69:in `block in tagged'
activesupport (5.1.6) lib/active_support/tagged_logging.rb:26:in `tagged'
activesupport (5.1.6) lib/active_support/tagged_logging.rb:69:in `tagged'
railties (5.1.6) lib/rails/rack/logger.rb:24:in `call'
sprockets-rails (3.2.1) lib/sprockets/rails/quiet_assets.rb:13:in `call'
actionpack (5.1.6) lib/action_dispatch/middleware/remote_ip.rb:79:in `call'
actionpack (5.1.6) lib/action_dispatch/middleware/request_id.rb:25:in `call'
rack (2.0.4) lib/rack/method_override.rb:22:in `call'
rack (2.0.4) lib/rack/runtime.rb:22:in `call'
activesupport (5.1.6) lib/active_support/cache/strategy/local_cache_middleware.rb:27:in `call'
actionpack (5.1.6) lib/action_dispatch/middleware/executor.rb:12:in `call'
actionpack (5.1.6) lib/action_dispatch/middleware/static.rb:125:in `call'
rack (2.0.4) lib/rack/sendfile.rb:111:in `call'
railties (5.1.6) lib/rails/engine.rb:522:in `call'
puma (3.11.4) lib/puma/configuration.rb:225:in `call'
puma (3.11.4) lib/puma/server.rb:632:in `handle_request'
puma (3.11.4) lib/puma/server.rb:446:in `process_client'
puma (3.11.4) lib/puma/server.rb:306:in `block in run'
puma (3.11.4) lib/puma/thread_pool.rb:120:in `block in spawn_thread'
Started GET "/" for 127.0.0.1 at 2018-04-23 21:44:09 +0800
Processing by TopicsController#index as HTML
  Rendering topics/index.html.erb within layouts/application
  [1m[36mTopic Load (0.6ms)[0m  [1m[34mSELECT "topics".* FROM "topics" ORDER BY reading_count desc,created_at desc[0m
  Rendered topics/index.html.erb within layouts/application (8.2ms)
  Rendered layouts/_search.html.erb (0.7ms)
Completed 200 OK in 1320ms (Views: 1318.3ms | ActiveRecord: 0.6ms)


Started GET "/" for 127.0.0.1 at 2018-04-23 21:44:50 +0800
Processing by TopicsController#index as HTML
  Rendering topics/index.html.erb within layouts/application
  [1m[36mTopic Load (0.4ms)[0m  [1m[34mSELECT "topics".* FROM "topics" ORDER BY reading_count desc,created_at desc[0m
  Rendered topics/index.html.erb within layouts/application (5.6ms)
  Rendered layouts/_search.html.erb (0.2ms)
Completed 200 OK in 30ms (Views: 28.5ms | ActiveRecord: 0.4ms)


Started GET "/" for 127.0.0.1 at 2018-04-23 21:46:22 +0800
Processing by TopicsController#index as HTML
  Rendering topics/index.html.erb within layouts/application
  [1m[36mTopic Load (0.5ms)[0m  [1m[34mSELECT "topics".* FROM "topics" ORDER BY reading_count desc,created_at desc[0m
  Rendered topics/index.html.erb within layouts/application (6.8ms)
  Rendered layouts/_search.html.erb (0.2ms)
Completed 200 OK in 38ms (Views: 36.0ms | ActiveRecord: 0.5ms)


Started GET "/" for 127.0.0.1 at 2018-04-23 21:46:33 +0800
Processing by TopicsController#index as HTML
  Rendering topics/index.html.erb within layouts/application
  [1m[36mTopic Load (0.5ms)[0m  [1m[34mSELECT "topics".* FROM "topics" ORDER BY reading_count desc,created_at desc[0m
  Rendered topics/index.html.erb within layouts/application (8.1ms)
  Rendered layouts/_search.html.erb (0.2ms)
Completed 200 OK in 33ms (Views: 31.8ms | ActiveRecord: 0.5ms)


Started GET "/" for 127.0.0.1 at 2018-04-23 21:48:57 +0800
Processing by TopicsController#index as HTML
  Rendering topics/index.html.erb within layouts/application
  [1m[36mTopic Load (0.5ms)[0m  [1m[34mSELECT "topics".* FROM "topics" ORDER BY reading_count desc,created_at desc[0m
  Rendered topics/index.html.erb within layouts/application (7.6ms)
  Rendered layouts/_search.html.erb (1.2ms)
Completed 200 OK in 1613ms (Views: 1552.1ms | ActiveRecord: 0.5ms)


Started GET "/" for 127.0.0.1 at 2018-04-23 21:50:17 +0800
Processing by TopicsController#index as HTML
  Rendering topics/index.html.erb within layouts/application
  [1m[36mTopic Load (1.6ms)[0m  [1m[34mSELECT "topics".* FROM "topics" ORDER BY reading_count desc,created_at desc[0m
  Rendered topics/index.html.erb within layouts/application (22.1ms)
  Rendered layouts/_search.html.erb (0.2ms)
Completed 200 OK in 67ms (Views: 62.8ms | ActiveRecord: 1.6ms)


Started GET "/" for 127.0.0.1 at 2018-04-23 21:50:41 +0800
Processing by TopicsController#index as HTML
  Rendering topics/index.html.erb within layouts/application
  [1m[36mTopic Load (0.4ms)[0m  [1m[34mSELECT "topics".* FROM "topics" ORDER BY reading_count desc,created_at desc[0m
  Rendered topics/index.html.erb within layouts/application (7.7ms)
  Rendered layouts/_search.html.erb (0.5ms)
Completed 200 OK in 32ms (Views: 30.6ms | ActiveRecord: 0.4ms)


Started GET "/" for 127.0.0.1 at 2018-04-23 21:52:11 +0800
Processing by TopicsController#index as HTML
  Rendering topics/index.html.erb within layouts/application
  [1m[36mTopic Load (0.4ms)[0m  [1m[34mSELECT "topics".* FROM "topics" ORDER BY reading_count desc,created_at desc[0m
  Rendered topics/index.html.erb within layouts/application (6.2ms)
  Rendered layouts/_search.html.erb (0.2ms)
Completed 200 OK in 32ms (Views: 30.9ms | ActiveRecord: 0.4ms)


Started GET "/" for 127.0.0.1 at 2018-04-23 21:52:29 +0800
Processing by TopicsController#index as HTML
  Rendering topics/index.html.erb within layouts/application
  [1m[36mTopic Load (0.4ms)[0m  [1m[34mSELECT "topics".* FROM "topics" ORDER BY reading_count desc,created_at desc[0m
  Rendered topics/index.html.erb within layouts/application (5.8ms)
  Rendered layouts/_search.html.erb (0.2ms)
Completed 200 OK in 29ms (Views: 27.8ms | ActiveRecord: 0.4ms)


Started GET "/" for 127.0.0.1 at 2018-04-23 21:52:48 +0800
Processing by TopicsController#index as HTML
  Rendering topics/index.html.erb within layouts/application
  [1m[36mTopic Load (1.4ms)[0m  [1m[34mSELECT "topics".* FROM "topics" ORDER BY reading_count desc,created_at desc[0m
  Rendered topics/index.html.erb within layouts/application (20.7ms)
  Rendered layouts/_search.html.erb (0.3ms)
Completed 200 OK in 53ms (Views: 49.2ms | ActiveRecord: 1.4ms)


Started GET "/" for 127.0.0.1 at 2018-04-23 21:54:07 +0800
Processing by TopicsController#index as HTML
  Rendering topics/index.html.erb within layouts/application
  [1m[36mTopic Load (1.0ms)[0m  [1m[34mSELECT "topics".* FROM "topics" ORDER BY reading_count desc,created_at desc[0m
  Rendered topics/index.html.erb within layouts/application (12.4ms)
  Rendered layouts/_search.html.erb (0.2ms)
Completed 200 OK in 43ms (Views: 39.6ms | ActiveRecord: 1.0ms)


Started GET "/" for 127.0.0.1 at 2018-04-23 21:54:45 +0800
Processing by TopicsController#index as HTML
  Rendering topics/index.html.erb within layouts/application
  [1m[36mTopic Load (0.4ms)[0m  [1m[34mSELECT "topics".* FROM "topics" ORDER BY reading_count desc,created_at desc[0m
  Rendered topics/index.html.erb within layouts/application (6.1ms)
  Rendered layouts/_search.html.erb (0.2ms)
Completed 200 OK in 50ms (Views: 48.3ms | ActiveRecord: 0.4ms)


Started GET "/" for 127.0.0.1 at 2018-04-23 21:54:56 +0800
Processing by TopicsController#index as HTML
  Rendering topics/index.html.erb within layouts/application
  [1m[36mTopic Load (0.4ms)[0m  [1m[34mSELECT "topics".* FROM "topics" ORDER BY reading_count desc,created_at desc[0m
  Rendered topics/index.html.erb within layouts/application (5.7ms)
  Rendered layouts/_search.html.erb (1.3ms)
Completed 200 OK in 28ms (Views: 26.9ms | ActiveRecord: 0.4ms)


Started GET "/" for 127.0.0.1 at 2018-04-23 21:57:09 +0800
Processing by TopicsController#index as HTML
  Rendering topics/index.html.erb within layouts/application
  [1m[36mTopic Load (1.5ms)[0m  [1m[34mSELECT "topics".* FROM "topics" ORDER BY reading_count desc,created_at desc[0m
  Rendered topics/index.html.erb within layouts/application (17.4ms)
  Rendered layouts/_search.html.erb (0.2ms)
Completed 200 OK in 45ms (Views: 41.1ms | ActiveRecord: 1.5ms)


Started GET "/" for 127.0.0.1 at 2018-04-23 22:07:04 +0800
Processing by TopicsController#index as HTML
  Rendering topics/index.html.erb within layouts/application
  [1m[36mTopic Load (2.7ms)[0m  [1m[34mSELECT "topics".* FROM "topics" ORDER BY reading_count desc,created_at desc[0m
  Rendered topics/index.html.erb within layouts/application (17.8ms)
  Rendered layouts/_search.html.erb (0.2ms)
Completed 200 OK in 1519ms (Views: 1510.1ms | ActiveRecord: 2.7ms)


Started GET "/" for 127.0.0.1 at 2018-04-23 22:07:06 +0800
Processing by TopicsController#index as HTML
  Rendering topics/index.html.erb within layouts/application
  [1m[36mTopic Load (0.8ms)[0m  [1m[34mSELECT "topics".* FROM "topics" ORDER BY reading_count desc,created_at desc[0m
  Rendered topics/index.html.erb within layouts/application (8.4ms)
  Rendered layouts/_search.html.erb (0.3ms)
Completed 200 OK in 37ms (Views: 35.2ms | ActiveRecord: 0.8ms)


Started GET "/" for 127.0.0.1 at 2018-04-23 22:12:27 +0800
Processing by TopicsController#index as HTML
  Rendering topics/index.html.erb within layouts/application
  [1m[36mTopic Load (1.5ms)[0m  [1m[34mSELECT "topics".* FROM "topics" ORDER BY reading_count desc,created_at desc[0m
  Rendered topics/index.html.erb within layouts/application (8.7ms)
  Rendered layouts/_search.html.erb (0.4ms)
Completed 200 OK in 1400ms (Views: 1396.4ms | ActiveRecord: 1.5ms)


Started GET "/" for 127.0.0.1 at 2018-04-23 22:13:00 +0800
Processing by TopicsController#index as HTML
  Rendering topics/index.html.erb within layouts/application
  [1m[36mTopic Load (0.5ms)[0m  [1m[34mSELECT "topics".* FROM "topics" ORDER BY reading_count desc,created_at desc[0m
  Rendered topics/index.html.erb within layouts/application (5.7ms)
  Rendered layouts/_search.html.erb (0.3ms)
Completed 200 OK in 32ms (Views: 30.5ms | ActiveRecord: 0.5ms)


Started GET "/" for 127.0.0.1 at 2018-04-23 22:13:01 +0800
Processing by TopicsController#index as HTML
  Rendering topics/index.html.erb within layouts/application
  [1m[36mTopic Load (0.4ms)[0m  [1m[34mSELECT "topics".* FROM "topics" ORDER BY reading_count desc,created_at desc[0m
  Rendered topics/index.html.erb within layouts/application (5.1ms)
  Rendered layouts/_search.html.erb (0.2ms)
Completed 200 OK in 25ms (Views: 23.8ms | ActiveRecord: 0.4ms)


Started GET "/" for 127.0.0.1 at 2018-04-23 22:13:02 +0800
Processing by TopicsController#index as HTML
  Rendering topics/index.html.erb within layouts/application
  [1m[36mTopic Load (1.4ms)[0m  [1m[34mSELECT "topics".* FROM "topics" ORDER BY reading_count desc,created_at desc[0m
  Rendered topics/index.html.erb within layouts/application (20.8ms)
  Rendered layouts/_search.html.erb (0.2ms)
Completed 200 OK in 58ms (Views: 54.7ms | ActiveRecord: 1.4ms)


Started GET "/" for 127.0.0.1 at 2018-04-23 22:13:56 +0800
Processing by TopicsController#index as HTML
  Rendering topics/index.html.erb within layouts/application
  [1m[36mTopic Load (1.4ms)[0m  [1m[34mSELECT "topics".* FROM "topics" ORDER BY reading_count desc,created_at desc[0m
  Rendered topics/index.html.erb within layouts/application (18.9ms)
  Rendered layouts/_search.html.erb (0.2ms)
Completed 200 OK in 1259ms (Views: 1256.0ms | ActiveRecord: 1.4ms)


Started GET "/" for 127.0.0.1 at 2018-04-23 22:14:11 +0800
Processing by TopicsController#index as HTML
  Rendering topics/index.html.erb within layouts/application
  [1m[36mTopic Load (1.2ms)[0m  [1m[34mSELECT "topics".* FROM "topics" ORDER BY reading_count desc,created_at desc[0m
  Rendered topics/index.html.erb within layouts/application (17.6ms)
  Rendered layouts/_search.html.erb (0.2ms)
Completed 200 OK in 1364ms (Views: 1360.9ms | ActiveRecord: 1.2ms)


Started GET "/" for 127.0.0.1 at 2018-04-23 22:16:23 +0800
Processing by TopicsController#index as HTML
  Rendering topics/index.html.erb within layouts/application
  [1m[36mTopic Load (0.4ms)[0m  [1m[34mSELECT "topics".* FROM "topics" ORDER BY reading_count desc,created_at desc[0m
  Rendered topics/index.html.erb within layouts/application (5.3ms)
  Rendered layouts/_search.html.erb (0.7ms)
Completed 200 OK in 1212ms (Views: 1210.7ms | ActiveRecord: 0.4ms)


Started GET "/" for 127.0.0.1 at 2018-04-23 22:16:41 +0800
Processing by TopicsController#index as HTML
  Rendering topics/index.html.erb within layouts/application
  [1m[36mTopic Load (0.5ms)[0m  [1m[34mSELECT "topics".* FROM "topics" ORDER BY reading_count desc,created_at desc[0m
  Rendered topics/index.html.erb within layouts/application (5.7ms)
  Rendered layouts/_search.html.erb (0.3ms)
Completed 200 OK in 1346ms (Views: 1344.7ms | ActiveRecord: 0.5ms)


Started GET "/" for 127.0.0.1 at 2018-04-23 22:17:03 +0800
Processing by TopicsController#index as HTML
  Rendering topics/index.html.erb within layouts/application
  [1m[36mTopic Load (0.5ms)[0m  [1m[34mSELECT "topics".* FROM "topics" ORDER BY reading_count desc,created_at desc[0m
  Rendered topics/index.html.erb within layouts/application (7.0ms)
  Rendered layouts/_search.html.erb (0.2ms)
Completed 200 OK in 1236ms (Views: 1234.4ms | ActiveRecord: 0.5ms)


Started GET "/" for 127.0.0.1 at 2018-04-23 22:22:08 +0800
Processing by TopicsController#index as HTML
  Rendering topics/index.html.erb within layouts/application
  [1m[36mTopic Load (1.9ms)[0m  [1m[34mSELECT "topics".* FROM "topics" ORDER BY reading_count desc,created_at desc[0m
  Rendered topics/index.html.erb within layouts/application (16.6ms)
  Rendered layouts/_search.html.erb (0.2ms)
Completed 200 OK in 40ms (Views: 34.7ms | ActiveRecord: 1.9ms)


Started GET "/" for 127.0.0.1 at 2018-04-23 22:23:34 +0800
Processing by TopicsController#index as HTML
  Rendering topics/index.html.erb within layouts/application
  [1m[36mTopic Load (0.4ms)[0m  [1m[34mSELECT "topics".* FROM "topics" ORDER BY reading_count desc,created_at desc[0m
  Rendered topics/index.html.erb within layouts/application (6.4ms)
  Rendered layouts/_search.html.erb (0.2ms)
Completed 200 OK in 35ms (Views: 32.6ms | ActiveRecord: 0.4ms)


Started GET "/" for 127.0.0.1 at 2018-04-23 22:23:37 +0800
Processing by TopicsController#index as HTML
  Rendering topics/index.html.erb within layouts/application
  [1m[36mTopic Load (1.2ms)[0m  [1m[34mSELECT "topics".* FROM "topics" ORDER BY reading_count desc,created_at desc[0m
  Rendered topics/index.html.erb within layouts/application (10.7ms)
  Rendered layouts/_search.html.erb (0.2ms)
Completed 200 OK in 35ms (Views: 32.9ms | ActiveRecord: 1.2ms)


Started GET "/" for 127.0.0.1 at 2018-04-23 22:24:54 +0800
Processing by TopicsController#index as HTML
  Rendering topics/index.html.erb within layouts/application
  [1m[36mTopic Load (0.5ms)[0m  [1m[34mSELECT "topics".* FROM "topics" ORDER BY reading_count desc,created_at desc[0m
  Rendered topics/index.html.erb within layouts/application (7.8ms)
  Rendered layouts/_search.html.erb (0.2ms)
Completed 200 OK in 1473ms (Views: 1471.6ms | ActiveRecord: 0.5ms)


Started GET "/" for 127.0.0.1 at 2018-04-23 22:35:56 +0800
Processing by TopicsController#index as HTML
  Rendering topics/index.html.erb within layouts/application
  [1m[36mTopic Load (3.7ms)[0m  [1m[34mSELECT "topics".* FROM "topics" ORDER BY reading_count desc,created_at desc[0m
  Rendered topics/index.html.erb within layouts/application (31.8ms)
  Rendered layouts/_search.html.erb (0.2ms)
Completed 200 OK in 1351ms (Views: 1343.2ms | ActiveRecord: 3.7ms)


Started GET "/" for 127.0.0.1 at 2018-04-23 22:36:47 +0800
Processing by TopicsController#index as HTML
  Rendering topics/index.html.erb within layouts/application
  [1m[36mTopic Load (0.4ms)[0m  [1m[34mSELECT "topics".* FROM "topics" ORDER BY reading_count desc,created_at desc[0m
  Rendered topics/index.html.erb within layouts/application (5.4ms)
  Rendered layouts/_search.html.erb (0.3ms)
Completed 200 OK in 1340ms (Views: 1338.8ms | ActiveRecord: 0.4ms)


Started POST "/topics/search" for 127.0.0.1 at 2018-04-23 22:41:29 +0800
Processing by TopicsController#search as HTML
Can't verify CSRF token authenticity.
Completed 422 Unprocessable Entity in 1ms (ActiveRecord: 0.0ms)


  
ActionController::InvalidAuthenticityToken (ActionController::InvalidAuthenticityToken):
  
actionpack (5.1.6) lib/action_controller/metal/request_forgery_protection.rb:195:in `handle_unverified_request'
actionpack (5.1.6) lib/action_controller/metal/request_forgery_protection.rb:227:in `handle_unverified_request'
actionpack (5.1.6) lib/action_controller/metal/request_forgery_protection.rb:222:in `verify_authenticity_token'
activesupport (5.1.6) lib/active_support/callbacks.rb:413:in `block in make_lambda'
activesupport (5.1.6) lib/active_support/callbacks.rb:197:in `block (2 levels) in halting'
actionpack (5.1.6) lib/abstract_controller/callbacks.rb:12:in `block (2 levels) in <module:Callbacks>'
activesupport (5.1.6) lib/active_support/callbacks.rb:198:in `block in halting'
activesupport (5.1.6) lib/active_support/callbacks.rb:507:in `block in invoke_before'
activesupport (5.1.6) lib/active_support/callbacks.rb:507:in `each'
activesupport (5.1.6) lib/active_support/callbacks.rb:507:in `invoke_before'
activesupport (5.1.6) lib/active_support/callbacks.rb:130:in `run_callbacks'
actionpack (5.1.6) lib/abstract_controller/callbacks.rb:19:in `process_action'
actionpack (5.1.6) lib/action_controller/metal/rescue.rb:20:in `process_action'
actionpack (5.1.6) lib/action_controller/metal/instrumentation.rb:32:in `block in process_action'
activesupport (5.1.6) lib/active_support/notifications.rb:166:in `block in instrument'
activesupport (5.1.6) lib/active_support/notifications/instrumenter.rb:21:in `instrument'
activesupport (5.1.6) lib/active_support/notifications.rb:166:in `instrument'
actionpack (5.1.6) lib/action_controller/metal/instrumentation.rb:30:in `process_action'
actionpack (5.1.6) lib/action_controller/metal/params_wrapper.rb:252:in `process_action'
activerecord (5.1.6) lib/active_record/railties/controller_runtime.rb:22:in `process_action'
actionpack (5.1.6) lib/abstract_controller/base.rb:124:in `process'
actionview (5.1.6) lib/action_view/rendering.rb:30:in `process'
actionpack (5.1.6) lib/action_controller/metal.rb:189:in `dispatch'
actionpack (5.1.6) lib/action_controller/metal.rb:253:in `dispatch'
actionpack (5.1.6) lib/action_dispatch/routing/route_set.rb:49:in `dispatch'
actionpack (5.1.6) lib/action_dispatch/routing/route_set.rb:31:in `serve'
actionpack (5.1.6) lib/action_dispatch/journey/router.rb:50:in `block in serve'
actionpack (5.1.6) lib/action_dispatch/journey/router.rb:33:in `each'
actionpack (5.1.6) lib/action_dispatch/journey/router.rb:33:in `serve'
actionpack (5.1.6) lib/action_dispatch/routing/route_set.rb:844:in `call'
rack (2.0.4) lib/rack/etag.rb:25:in `call'
rack (2.0.4) lib/rack/conditional_get.rb:38:in `call'
rack (2.0.4) lib/rack/head.rb:12:in `call'
rack (2.0.4) lib/rack/session/abstract/id.rb:232:in `context'
rack (2.0.4) lib/rack/session/abstract/id.rb:226:in `call'
actionpack (5.1.6) lib/action_dispatch/middleware/cookies.rb:613:in `call'
activerecord (5.1.6) lib/active_record/migration.rb:556:in `call'
actionpack (5.1.6) lib/action_dispatch/middleware/callbacks.rb:26:in `block in call'
activesupport (5.1.6) lib/active_support/callbacks.rb:97:in `run_callbacks'
actionpack (5.1.6) lib/action_dispatch/middleware/callbacks.rb:24:in `call'
actionpack (5.1.6) lib/action_dispatch/middleware/executor.rb:12:in `call'
actionpack (5.1.6) lib/action_dispatch/middleware/debug_exceptions.rb:59:in `call'
web-console (3.6.0) lib/web_console/middleware.rb:137:in `call_app'
web-console (3.6.0) lib/web_console/middleware.rb:30:in `block in call'
web-console (3.6.0) lib/web_console/middleware.rb:20:in `catch'
web-console (3.6.0) lib/web_console/middleware.rb:20:in `call'
actionpack (5.1.6) lib/action_dispatch/middleware/show_exceptions.rb:31:in `call'
railties (5.1.6) lib/rails/rack/logger.rb:36:in `call_app'
railties (5.1.6) lib/rails/rack/logger.rb:24:in `block in call'
activesupport (5.1.6) lib/active_support/tagged_logging.rb:69:in `block in tagged'
activesupport (5.1.6) lib/active_support/tagged_logging.rb:26:in `tagged'
activesupport (5.1.6) lib/active_support/tagged_logging.rb:69:in `tagged'
railties (5.1.6) lib/rails/rack/logger.rb:24:in `call'
sprockets-rails (3.2.1) lib/sprockets/rails/quiet_assets.rb:13:in `call'
actionpack (5.1.6) lib/action_dispatch/middleware/remote_ip.rb:79:in `call'
actionpack (5.1.6) lib/action_dispatch/middleware/request_id.rb:25:in `call'
rack (2.0.4) lib/rack/method_override.rb:22:in `call'
rack (2.0.4) lib/rack/runtime.rb:22:in `call'
activesupport (5.1.6) lib/active_support/cache/strategy/local_cache_middleware.rb:27:in `call'
actionpack (5.1.6) lib/action_dispatch/middleware/executor.rb:12:in `call'
actionpack (5.1.6) lib/action_dispatch/middleware/static.rb:125:in `call'
rack (2.0.4) lib/rack/sendfile.rb:111:in `call'
railties (5.1.6) lib/rails/engine.rb:522:in `call'
puma (3.11.4) lib/puma/configuration.rb:225:in `call'
puma (3.11.4) lib/puma/server.rb:632:in `handle_request'
puma (3.11.4) lib/puma/server.rb:446:in `process_client'
puma (3.11.4) lib/puma/server.rb:306:in `block in run'
puma (3.11.4) lib/puma/thread_pool.rb:120:in `block in spawn_thread'
- Gracefully stopping, waiting for requests to finish
=== puma shutdown: 2018-04-24 10:37:08 +0800 ===
- Goodbye!
Exiting
=== puma startup: 2018-04-24 10:53:13 +0800 ===
Started POST "/topics/search" for 127.0.0.1 at 2018-04-24 10:53:19 +0800
  [1m[35m (0.7ms)[0m  [1m[34mSELECT "schema_migrations"."version" FROM "schema_migrations" ORDER BY "schema_migrations"."version" ASC[0m
Processing by TopicsController#search as HTML
Can't verify CSRF token authenticity.
Completed 422 Unprocessable Entity in 6ms (ActiveRecord: 0.0ms)


  
ActionController::InvalidAuthenticityToken (ActionController::InvalidAuthenticityToken):
  
actionpack (5.1.6) lib/action_controller/metal/request_forgery_protection.rb:195:in `handle_unverified_request'
actionpack (5.1.6) lib/action_controller/metal/request_forgery_protection.rb:227:in `handle_unverified_request'
actionpack (5.1.6) lib/action_controller/metal/request_forgery_protection.rb:222:in `verify_authenticity_token'
activesupport (5.1.6) lib/active_support/callbacks.rb:413:in `block in make_lambda'
activesupport (5.1.6) lib/active_support/callbacks.rb:197:in `block (2 levels) in halting'
actionpack (5.1.6) lib/abstract_controller/callbacks.rb:12:in `block (2 levels) in <module:Callbacks>'
activesupport (5.1.6) lib/active_support/callbacks.rb:198:in `block in halting'
activesupport (5.1.6) lib/active_support/callbacks.rb:507:in `block in invoke_before'
activesupport (5.1.6) lib/active_support/callbacks.rb:507:in `each'
activesupport (5.1.6) lib/active_support/callbacks.rb:507:in `invoke_before'
activesupport (5.1.6) lib/active_support/callbacks.rb:130:in `run_callbacks'
actionpack (5.1.6) lib/abstract_controller/callbacks.rb:19:in `process_action'
actionpack (5.1.6) lib/action_controller/metal/rescue.rb:20:in `process_action'
actionpack (5.1.6) lib/action_controller/metal/instrumentation.rb:32:in `block in process_action'
activesupport (5.1.6) lib/active_support/notifications.rb:166:in `block in instrument'
activesupport (5.1.6) lib/active_support/notifications/instrumenter.rb:21:in `instrument'
activesupport (5.1.6) lib/active_support/notifications.rb:166:in `instrument'
actionpack (5.1.6) lib/action_controller/metal/instrumentation.rb:30:in `process_action'
actionpack (5.1.6) lib/action_controller/metal/params_wrapper.rb:252:in `process_action'
activerecord (5.1.6) lib/active_record/railties/controller_runtime.rb:22:in `process_action'
actionpack (5.1.6) lib/abstract_controller/base.rb:124:in `process'
actionview (5.1.6) lib/action_view/rendering.rb:30:in `process'
actionpack (5.1.6) lib/action_controller/metal.rb:189:in `dispatch'
actionpack (5.1.6) lib/action_controller/metal.rb:253:in `dispatch'
actionpack (5.1.6) lib/action_dispatch/routing/route_set.rb:49:in `dispatch'
actionpack (5.1.6) lib/action_dispatch/routing/route_set.rb:31:in `serve'
actionpack (5.1.6) lib/action_dispatch/journey/router.rb:50:in `block in serve'
actionpack (5.1.6) lib/action_dispatch/journey/router.rb:33:in `each'
actionpack (5.1.6) lib/action_dispatch/journey/router.rb:33:in `serve'
actionpack (5.1.6) lib/action_dispatch/routing/route_set.rb:844:in `call'
rack (2.0.4) lib/rack/etag.rb:25:in `call'
rack (2.0.4) lib/rack/conditional_get.rb:38:in `call'
rack (2.0.4) lib/rack/head.rb:12:in `call'
rack (2.0.4) lib/rack/session/abstract/id.rb:232:in `context'
rack (2.0.4) lib/rack/session/abstract/id.rb:226:in `call'
actionpack (5.1.6) lib/action_dispatch/middleware/cookies.rb:613:in `call'
activerecord (5.1.6) lib/active_record/migration.rb:556:in `call'
actionpack (5.1.6) lib/action_dispatch/middleware/callbacks.rb:26:in `block in call'
activesupport (5.1.6) lib/active_support/callbacks.rb:97:in `run_callbacks'
actionpack (5.1.6) lib/action_dispatch/middleware/callbacks.rb:24:in `call'
actionpack (5.1.6) lib/action_dispatch/middleware/executor.rb:12:in `call'
actionpack (5.1.6) lib/action_dispatch/middleware/debug_exceptions.rb:59:in `call'
web-console (3.6.0) lib/web_console/middleware.rb:137:in `call_app'
web-console (3.6.0) lib/web_console/middleware.rb:30:in `block in call'
web-console (3.6.0) lib/web_console/middleware.rb:20:in `catch'
web-console (3.6.0) lib/web_console/middleware.rb:20:in `call'
actionpack (5.1.6) lib/action_dispatch/middleware/show_exceptions.rb:31:in `call'
railties (5.1.6) lib/rails/rack/logger.rb:36:in `call_app'
railties (5.1.6) lib/rails/rack/logger.rb:24:in `block in call'
activesupport (5.1.6) lib/active_support/tagged_logging.rb:69:in `block in tagged'
activesupport (5.1.6) lib/active_support/tagged_logging.rb:26:in `tagged'
activesupport (5.1.6) lib/active_support/tagged_logging.rb:69:in `tagged'
railties (5.1.6) lib/rails/rack/logger.rb:24:in `call'
sprockets-rails (3.2.1) lib/sprockets/rails/quiet_assets.rb:13:in `call'
actionpack (5.1.6) lib/action_dispatch/middleware/remote_ip.rb:79:in `call'
actionpack (5.1.6) lib/action_dispatch/middleware/request_id.rb:25:in `call'
rack (2.0.4) lib/rack/method_override.rb:22:in `call'
rack (2.0.4) lib/rack/runtime.rb:22:in `call'
activesupport (5.1.6) lib/active_support/cache/strategy/local_cache_middleware.rb:27:in `call'
actionpack (5.1.6) lib/action_dispatch/middleware/executor.rb:12:in `call'
actionpack (5.1.6) lib/action_dispatch/middleware/static.rb:125:in `call'
rack (2.0.4) lib/rack/sendfile.rb:111:in `call'
railties (5.1.6) lib/rails/engine.rb:522:in `call'
puma (3.11.4) lib/puma/configuration.rb:225:in `call'
puma (3.11.4) lib/puma/server.rb:632:in `handle_request'
puma (3.11.4) lib/puma/server.rb:446:in `process_client'
puma (3.11.4) lib/puma/server.rb:306:in `block in run'
puma (3.11.4) lib/puma/thread_pool.rb:120:in `block in spawn_thread'
Started GET "/" for 127.0.0.1 at 2018-04-24 10:53:22 +0800
Processing by TopicsController#index as HTML
  Rendering topics/index.html.erb within layouts/application
  [1m[36mTopic Load (1.4ms)[0m  [1m[34mSELECT "topics".* FROM "topics" ORDER BY reading_count desc,created_at desc[0m
  Rendered topics/index.html.erb within layouts/application (22.2ms)
  Rendered layouts/_search.html.erb (0.3ms)
Completed 200 OK in 251ms (Views: 226.5ms | ActiveRecord: 6.0ms)


Started GET "/" for 127.0.0.1 at 2018-04-24 10:54:36 +0800
Processing by TopicsController#index as HTML
  Rendering topics/index.html.erb within layouts/application
  [1m[36mTopic Load (1.4ms)[0m  [1m[34mSELECT "topics".* FROM "topics" ORDER BY reading_count desc,created_at desc[0m
  Rendered topics/index.html.erb within layouts/application (20.7ms)
  Rendered layouts/_search.html.erb (0.2ms)
Completed 200 OK in 50ms (Views: 46.0ms | ActiveRecord: 1.4ms)


Started GET "/" for 127.0.0.1 at 2018-04-24 10:54:58 +0800
Processing by TopicsController#index as HTML
  Rendering topics/index.html.erb within layouts/application
  [1m[36mTopic Load (0.4ms)[0m  [1m[34mSELECT "topics".* FROM "topics" ORDER BY reading_count desc,created_at desc[0m
  Rendered topics/index.html.erb within layouts/application (5.1ms)
  Rendered layouts/_search.html.erb (0.2ms)
Completed 200 OK in 25ms (Views: 24.1ms | ActiveRecord: 0.4ms)


Started GET "/" for 127.0.0.1 at 2018-04-24 10:55:59 +0800
Processing by TopicsController#index as HTML
  Rendering topics/index.html.erb within layouts/application
  [1m[36mTopic Load (0.5ms)[0m  [1m[34mSELECT "topics".* FROM "topics" ORDER BY reading_count desc,created_at desc[0m
  Rendered topics/index.html.erb within layouts/application (5.6ms)
  Rendered layouts/_search.html.erb (0.2ms)
Completed 200 OK in 27ms (Views: 25.0ms | ActiveRecord: 0.5ms)


Started GET "/" for 127.0.0.1 at 2018-04-24 10:56:18 +0800
Processing by TopicsController#index as HTML
  Rendering topics/index.html.erb within layouts/application
  [1m[36mTopic Load (0.5ms)[0m  [1m[34mSELECT "topics".* FROM "topics" ORDER BY reading_count desc,created_at desc[0m
  Rendered topics/index.html.erb within layouts/application (5.5ms)
  Rendered layouts/_search.html.erb (0.3ms)
Completed 200 OK in 24ms (Views: 22.3ms | ActiveRecord: 0.5ms)


Started GET "/" for 127.0.0.1 at 2018-04-24 10:57:35 +0800
Processing by TopicsController#index as HTML
  Rendering topics/index.html.erb within layouts/application
  [1m[36mTopic Load (0.5ms)[0m  [1m[34mSELECT "topics".* FROM "topics" ORDER BY reading_count desc,created_at desc[0m
  Rendered topics/index.html.erb within layouts/application (5.2ms)
  Rendered layouts/_search.html.erb (0.2ms)
Completed 200 OK in 24ms (Views: 22.5ms | ActiveRecord: 0.5ms)


Started GET "/" for 127.0.0.1 at 2018-04-24 10:58:13 +0800
Processing by TopicsController#index as HTML
  Rendering topics/index.html.erb within layouts/application
  [1m[36mTopic Load (1.3ms)[0m  [1m[34mSELECT "topics".* FROM "topics" ORDER BY reading_count desc,created_at desc[0m
  Rendered topics/index.html.erb within layouts/application (20.6ms)
  Rendered layouts/_search.html.erb (0.2ms)
Completed 200 OK in 63ms (Views: 59.5ms | ActiveRecord: 1.3ms)


Started GET "/" for 127.0.0.1 at 2018-04-24 10:59:54 +0800
Processing by TopicsController#index as HTML
  Rendering topics/index.html.erb within layouts/application
  [1m[36mTopic Load (0.5ms)[0m  [1m[34mSELECT "topics".* FROM "topics" ORDER BY reading_count desc,created_at desc[0m
  Rendered topics/index.html.erb within layouts/application (5.5ms)
  Rendered layouts/_search.html.erb (0.3ms)
Completed 200 OK in 27ms (Views: 25.7ms | ActiveRecord: 0.5ms)


Started GET "/" for 127.0.0.1 at 2018-04-24 11:00:19 +0800
Processing by TopicsController#index as HTML
  Rendering topics/index.html.erb within layouts/application
  [1m[36mTopic Load (1.3ms)[0m  [1m[34mSELECT "topics".* FROM "topics" ORDER BY reading_count desc,created_at desc[0m
  Rendered topics/index.html.erb within layouts/application (20.8ms)
  Rendered layouts/_search.html.erb (0.3ms)
Completed 200 OK in 58ms (Views: 55.0ms | ActiveRecord: 1.3ms)


Started GET "/" for 127.0.0.1 at 2018-04-24 11:00:52 +0800
Processing by TopicsController#index as HTML
  Rendering topics/index.html.erb within layouts/application
  [1m[36mTopic Load (0.5ms)[0m  [1m[34mSELECT "topics".* FROM "topics" ORDER BY reading_count desc,created_at desc[0m
  Rendered topics/index.html.erb within layouts/application (6.2ms)
  Rendered layouts/_search.html.erb (0.2ms)
Completed 200 OK in 30ms (Views: 28.8ms | ActiveRecord: 0.5ms)


Started GET "/" for 127.0.0.1 at 2018-04-24 11:00:55 +0800
Processing by TopicsController#index as HTML
  Rendering topics/index.html.erb within layouts/application
  [1m[36mTopic Load (0.5ms)[0m  [1m[34mSELECT "topics".* FROM "topics" ORDER BY reading_count desc,created_at desc[0m
  Rendered topics/index.html.erb within layouts/application (8.1ms)
  Rendered layouts/_search.html.erb (0.4ms)
Completed 200 OK in 39ms (Views: 37.3ms | ActiveRecord: 0.5ms)


Started POST "/topics/search" for 127.0.0.1 at 2018-04-24 11:01:01 +0800
Processing by TopicsController#search as HTML
Can't verify CSRF token authenticity.
Completed 422 Unprocessable Entity in 1ms (ActiveRecord: 0.0ms)


  
ActionController::InvalidAuthenticityToken (ActionController::InvalidAuthenticityToken):
  
actionpack (5.1.6) lib/action_controller/metal/request_forgery_protection.rb:195:in `handle_unverified_request'
actionpack (5.1.6) lib/action_controller/metal/request_forgery_protection.rb:227:in `handle_unverified_request'
actionpack (5.1.6) lib/action_controller/metal/request_forgery_protection.rb:222:in `verify_authenticity_token'
activesupport (5.1.6) lib/active_support/callbacks.rb:413:in `block in make_lambda'
activesupport (5.1.6) lib/active_support/callbacks.rb:197:in `block (2 levels) in halting'
actionpack (5.1.6) lib/abstract_controller/callbacks.rb:12:in `block (2 levels) in <module:Callbacks>'
activesupport (5.1.6) lib/active_support/callbacks.rb:198:in `block in halting'
activesupport (5.1.6) lib/active_support/callbacks.rb:507:in `block in invoke_before'
activesupport (5.1.6) lib/active_support/callbacks.rb:507:in `each'
activesupport (5.1.6) lib/active_support/callbacks.rb:507:in `invoke_before'
activesupport (5.1.6) lib/active_support/callbacks.rb:130:in `run_callbacks'
actionpack (5.1.6) lib/abstract_controller/callbacks.rb:19:in `process_action'
actionpack (5.1.6) lib/action_controller/metal/rescue.rb:20:in `process_action'
actionpack (5.1.6) lib/action_controller/metal/instrumentation.rb:32:in `block in process_action'
activesupport (5.1.6) lib/active_support/notifications.rb:166:in `block in instrument'
activesupport (5.1.6) lib/active_support/notifications/instrumenter.rb:21:in `instrument'
activesupport (5.1.6) lib/active_support/notifications.rb:166:in `instrument'
actionpack (5.1.6) lib/action_controller/metal/instrumentation.rb:30:in `process_action'
actionpack (5.1.6) lib/action_controller/metal/params_wrapper.rb:252:in `process_action'
activerecord (5.1.6) lib/active_record/railties/controller_runtime.rb:22:in `process_action'
actionpack (5.1.6) lib/abstract_controller/base.rb:124:in `process'
actionview (5.1.6) lib/action_view/rendering.rb:30:in `process'
actionpack (5.1.6) lib/action_controller/metal.rb:189:in `dispatch'
actionpack (5.1.6) lib/action_controller/metal.rb:253:in `dispatch'
actionpack (5.1.6) lib/action_dispatch/routing/route_set.rb:49:in `dispatch'
actionpack (5.1.6) lib/action_dispatch/routing/route_set.rb:31:in `serve'
actionpack (5.1.6) lib/action_dispatch/journey/router.rb:50:in `block in serve'
actionpack (5.1.6) lib/action_dispatch/journey/router.rb:33:in `each'
actionpack (5.1.6) lib/action_dispatch/journey/router.rb:33:in `serve'
actionpack (5.1.6) lib/action_dispatch/routing/route_set.rb:844:in `call'
rack (2.0.4) lib/rack/etag.rb:25:in `call'
rack (2.0.4) lib/rack/conditional_get.rb:38:in `call'
rack (2.0.4) lib/rack/head.rb:12:in `call'
rack (2.0.4) lib/rack/session/abstract/id.rb:232:in `context'
rack (2.0.4) lib/rack/session/abstract/id.rb:226:in `call'
actionpack (5.1.6) lib/action_dispatch/middleware/cookies.rb:613:in `call'
activerecord (5.1.6) lib/active_record/migration.rb:556:in `call'
actionpack (5.1.6) lib/action_dispatch/middleware/callbacks.rb:26:in `block in call'
activesupport (5.1.6) lib/active_support/callbacks.rb:97:in `run_callbacks'
actionpack (5.1.6) lib/action_dispatch/middleware/callbacks.rb:24:in `call'
actionpack (5.1.6) lib/action_dispatch/middleware/executor.rb:12:in `call'
actionpack (5.1.6) lib/action_dispatch/middleware/debug_exceptions.rb:59:in `call'
web-console (3.6.0) lib/web_console/middleware.rb:137:in `call_app'
web-console (3.6.0) lib/web_console/middleware.rb:30:in `block in call'
web-console (3.6.0) lib/web_console/middleware.rb:20:in `catch'
web-console (3.6.0) lib/web_console/middleware.rb:20:in `call'
actionpack (5.1.6) lib/action_dispatch/middleware/show_exceptions.rb:31:in `call'
railties (5.1.6) lib/rails/rack/logger.rb:36:in `call_app'
railties (5.1.6) lib/rails/rack/logger.rb:24:in `block in call'
activesupport (5.1.6) lib/active_support/tagged_logging.rb:69:in `block in tagged'
activesupport (5.1.6) lib/active_support/tagged_logging.rb:26:in `tagged'
activesupport (5.1.6) lib/active_support/tagged_logging.rb:69:in `tagged'
railties (5.1.6) lib/rails/rack/logger.rb:24:in `call'
sprockets-rails (3.2.1) lib/sprockets/rails/quiet_assets.rb:13:in `call'
actionpack (5.1.6) lib/action_dispatch/middleware/remote_ip.rb:79:in `call'
actionpack (5.1.6) lib/action_dispatch/middleware/request_id.rb:25:in `call'
rack (2.0.4) lib/rack/method_override.rb:22:in `call'
rack (2.0.4) lib/rack/runtime.rb:22:in `call'
activesupport (5.1.6) lib/active_support/cache/strategy/local_cache_middleware.rb:27:in `call'
actionpack (5.1.6) lib/action_dispatch/middleware/executor.rb:12:in `call'
actionpack (5.1.6) lib/action_dispatch/middleware/static.rb:125:in `call'
rack (2.0.4) lib/rack/sendfile.rb:111:in `call'
railties (5.1.6) lib/rails/engine.rb:522:in `call'
puma (3.11.4) lib/puma/configuration.rb:225:in `call'
puma (3.11.4) lib/puma/server.rb:632:in `handle_request'
puma (3.11.4) lib/puma/server.rb:446:in `process_client'
puma (3.11.4) lib/puma/server.rb:306:in `block in run'
puma (3.11.4) lib/puma/thread_pool.rb:120:in `block in spawn_thread'
Started GET "/topics/Linux%E4%B8%8B%E4%BA%A7%E7%94%9F%E9%9A%8F%E6%9C%BA%E5%AF%86%E7%A0%8110%E6%96%B9%E6%B3%95" for 127.0.0.1 at 2018-04-24 11:01:14 +0800
Processing by TopicsController#show as HTML
  Parameters: {"id"=>"Linuxä¸‹äº§ç”Ÿéšæœºå¯†ç 10æ–¹æ³•"}
  [1m[36mTopic Load (0.7ms)[0m  [1m[34mSELECT  "topics".* FROM "topics" WHERE "topics"."title" = $1 ORDER BY "topics"."id" ASC LIMIT $2[0m  [["title", "Linuxä¸‹äº§ç”Ÿéšæœºå¯†ç 10æ–¹æ³•"], ["LIMIT", 1]]
  [1m[35m (0.1ms)[0m  [1m[35mBEGIN[0m
  [1m[35mSQL (1.5ms)[0m  [1m[33mUPDATE "topics" SET "reading_count" = $1, "updated_at" = $2 WHERE "topics"."id" = $3[0m  [["reading_count", 8], ["updated_at", "2018-04-24 03:01:14.158207"], ["id", 26]]
  [1m[35m (1.7ms)[0m  [1m[35mCOMMIT[0m
  Rendering topics/show.html.erb within layouts/application
=======================================
plaintext
=======================================
plaintext
=======================================
plaintext
=======================================
plaintext
=======================================
plaintext
=======================================
plaintext
=======================================
plaintext
=======================================
plaintext
=======================================
plaintext
=======================================
plaintext
  Rendered topics/show.html.erb within layouts/application (42.6ms)
  Rendered layouts/_search.html.erb (0.3ms)
Completed 200 OK in 76ms (Views: 64.3ms | ActiveRecord: 4.0ms)


Started GET "/topics/Ubuntu%E4%B8%8Bsublime%E6%97%A0%E6%B3%95%E8%BE%93%E5%85%A5%E4%B8%AD%E6%96%87%E9%97%AE%E9%A2%98%E5%AE%8C%E7%BE%8E%E8%A7%A3%E5%86%B3" for 127.0.0.1 at 2018-04-24 11:01:21 +0800
Processing by TopicsController#show as HTML
  Parameters: {"id"=>"Ubuntuä¸‹sublimeæ— æ³•è¾“å…¥ä¸­æ–‡é—®é¢˜å®Œç¾Žè§£å†³"}
  [1m[36mTopic Load (2.9ms)[0m  [1m[34mSELECT  "topics".* FROM "topics" WHERE "topics"."title" = $1 ORDER BY "topics"."id" ASC LIMIT $2[0m  [["title", "Ubuntuä¸‹sublimeæ— æ³•è¾“å…¥ä¸­æ–‡é—®é¢˜å®Œç¾Žè§£å†³"], ["LIMIT", 1]]
  [1m[35m (0.4ms)[0m  [1m[35mBEGIN[0m
  [1m[35mSQL (0.8ms)[0m  [1m[33mUPDATE "topics" SET "reading_count" = $1, "updated_at" = $2 WHERE "topics"."id" = $3[0m  [["reading_count", 1], ["updated_at", "2018-04-24 03:01:21.999982"], ["id", 16]]
  [1m[35m (1.3ms)[0m  [1m[35mCOMMIT[0m
  Rendering topics/show.html.erb within layouts/application
  Rendered topics/show.html.erb within layouts/application (1.4ms)
  Rendered layouts/_search.html.erb (0.2ms)
Completed 200 OK in 45ms (Views: 30.4ms | ActiveRecord: 5.4ms)


Started GET "/topics/ruby--$:.unshift%20File.expand_path('..',%20FILE)%EF%BC%88%E8%BD%AC%E8%BD%BD%EF%BC%89" for 127.0.0.1 at 2018-04-24 11:01:35 +0800
  
ActionController::RoutingError (No route matches [GET] "/topics/ruby--$:.unshift%20File.expand_path('..',%20FILE)%EF%BC%88%E8%BD%AC%E8%BD%BD%EF%BC%89"):
  
actionpack (5.1.6) lib/action_dispatch/middleware/debug_exceptions.rb:63:in `call'
web-console (3.6.0) lib/web_console/middleware.rb:137:in `call_app'
web-console (3.6.0) lib/web_console/middleware.rb:30:in `block in call'
web-console (3.6.0) lib/web_console/middleware.rb:20:in `catch'
web-console (3.6.0) lib/web_console/middleware.rb:20:in `call'
actionpack (5.1.6) lib/action_dispatch/middleware/show_exceptions.rb:31:in `call'
railties (5.1.6) lib/rails/rack/logger.rb:36:in `call_app'
railties (5.1.6) lib/rails/rack/logger.rb:24:in `block in call'
activesupport (5.1.6) lib/active_support/tagged_logging.rb:69:in `block in tagged'
activesupport (5.1.6) lib/active_support/tagged_logging.rb:26:in `tagged'
activesupport (5.1.6) lib/active_support/tagged_logging.rb:69:in `tagged'
railties (5.1.6) lib/rails/rack/logger.rb:24:in `call'
sprockets-rails (3.2.1) lib/sprockets/rails/quiet_assets.rb:13:in `call'
actionpack (5.1.6) lib/action_dispatch/middleware/remote_ip.rb:79:in `call'
actionpack (5.1.6) lib/action_dispatch/middleware/request_id.rb:25:in `call'
rack (2.0.4) lib/rack/method_override.rb:22:in `call'
rack (2.0.4) lib/rack/runtime.rb:22:in `call'
activesupport (5.1.6) lib/active_support/cache/strategy/local_cache_middleware.rb:27:in `call'
actionpack (5.1.6) lib/action_dispatch/middleware/executor.rb:12:in `call'
actionpack (5.1.6) lib/action_dispatch/middleware/static.rb:125:in `call'
rack (2.0.4) lib/rack/sendfile.rb:111:in `call'
railties (5.1.6) lib/rails/engine.rb:522:in `call'
puma (3.11.4) lib/puma/configuration.rb:225:in `call'
puma (3.11.4) lib/puma/server.rb:632:in `handle_request'
puma (3.11.4) lib/puma/server.rb:446:in `process_client'
puma (3.11.4) lib/puma/server.rb:306:in `block in run'
puma (3.11.4) lib/puma/thread_pool.rb:120:in `block in spawn_thread'
Started GET "/topics/%E5%A6%82%E4%BD%95%E5%88%9B%E5%BB%BA%E8%87%AA%E5%B7%B1%E7%9A%84ruby_gem%E5%8C%85" for 127.0.0.1 at 2018-04-24 11:01:41 +0800
Processing by TopicsController#show as HTML
  Parameters: {"id"=>"å¦‚ä½•åˆ›å»ºè‡ªå·±çš„ruby_gemåŒ…"}
  [1m[36mTopic Load (1.1ms)[0m  [1m[34mSELECT  "topics".* FROM "topics" WHERE "topics"."title" = $1 ORDER BY "topics"."id" ASC LIMIT $2[0m  [["title", "å¦‚ä½•åˆ›å»ºè‡ªå·±çš„ruby_gemåŒ…"], ["LIMIT", 1]]
  [1m[35m (0.4ms)[0m  [1m[35mBEGIN[0m
  [1m[35mSQL (0.9ms)[0m  [1m[33mUPDATE "topics" SET "reading_count" = $1, "updated_at" = $2 WHERE "topics"."id" = $3[0m  [["reading_count", 1], ["updated_at", "2018-04-24 03:01:41.491136"], ["id", 21]]
  [1m[35m (1.2ms)[0m  [1m[35mCOMMIT[0m
  Rendering topics/show.html.erb within layouts/application
=======================================
ruby
=======================================
shell
=======================================
shell
  Rendered topics/show.html.erb within layouts/application (16.2ms)
  Rendered layouts/_search.html.erb (0.2ms)
Completed 200 OK in 49ms (Views: 36.0ms | ActiveRecord: 3.6ms)


Started GET "/topics/%E5%A6%82%E4%BD%95%E5%88%9B%E5%BB%BA%E8%87%AA%E5%B7%B1%E7%9A%84ruby_gem%E5%8C%85" for 127.0.0.1 at 2018-04-24 11:10:35 +0800
Processing by TopicsController#show as HTML
  Parameters: {"id"=>"å¦‚ä½•åˆ›å»ºè‡ªå·±çš„ruby_gemåŒ…"}
  [1m[36mTopic Load (0.5ms)[0m  [1m[34mSELECT  "topics".* FROM "topics" WHERE "topics"."title" = $1 ORDER BY "topics"."id" ASC LIMIT $2[0m  [["title", "å¦‚ä½•åˆ›å»ºè‡ªå·±çš„ruby_gemåŒ…"], ["LIMIT", 1]]
  [1m[35m (0.2ms)[0m  [1m[35mBEGIN[0m
  [1m[35mSQL (0.3ms)[0m  [1m[33mUPDATE "topics" SET "reading_count" = $1, "updated_at" = $2 WHERE "topics"."id" = $3[0m  [["reading_count", 2], ["updated_at", "2018-04-24 03:10:35.632881"], ["id", 21]]
  [1m[35m (7.4ms)[0m  [1m[35mCOMMIT[0m
  Rendering topics/show.html.erb within layouts/application
=======================================
ruby
=======================================
shell
=======================================
shell
  Rendered topics/show.html.erb within layouts/application (4.3ms)
  Rendered layouts/_search.html.erb (0.3ms)
Completed 200 OK in 44ms (Views: 32.1ms | ActiveRecord: 8.3ms)


Started GET "/" for 127.0.0.1 at 2018-04-24 11:10:45 +0800
Processing by TopicsController#index as HTML
  Rendering topics/index.html.erb within layouts/application
  [1m[36mTopic Load (1.9ms)[0m  [1m[34mSELECT "topics".* FROM "topics" ORDER BY reading_count desc,created_at desc[0m
  Rendered topics/index.html.erb within layouts/application (9.1ms)
  Rendered layouts/_search.html.erb (0.5ms)
Completed 200 OK in 37ms (Views: 32.9ms | ActiveRecord: 1.9ms)


Started GET "/topics/%E5%A6%82%E4%BD%95%E5%88%9B%E5%BB%BA%E8%87%AA%E5%B7%B1%E7%9A%84ruby_gem%E5%8C%85" for 127.0.0.1 at 2018-04-24 11:10:48 +0800
Processing by TopicsController#show as HTML
  Parameters: {"id"=>"å¦‚ä½•åˆ›å»ºè‡ªå·±çš„ruby_gemåŒ…"}
  [1m[36mTopic Load (0.5ms)[0m  [1m[34mSELECT  "topics".* FROM "topics" WHERE "topics"."title" = $1 ORDER BY "topics"."id" ASC LIMIT $2[0m  [["title", "å¦‚ä½•åˆ›å»ºè‡ªå·±çš„ruby_gemåŒ…"], ["LIMIT", 1]]
  [1m[35m (0.1ms)[0m  [1m[35mBEGIN[0m
  [1m[35mSQL (0.6ms)[0m  [1m[33mUPDATE "topics" SET "reading_count" = $1, "updated_at" = $2 WHERE "topics"."id" = $3[0m  [["reading_count", 3], ["updated_at", "2018-04-24 03:10:48.568286"], ["id", 21]]
  [1m[35m (1.0ms)[0m  [1m[35mCOMMIT[0m
  Rendering topics/show.html.erb within layouts/application
=======================================
ruby
=======================================
shell
=======================================
shell
  Rendered topics/show.html.erb within layouts/application (4.2ms)
  Rendered layouts/_search.html.erb (0.5ms)
Completed 200 OK in 41ms (Views: 34.8ms | ActiveRecord: 2.3ms)


Started GET "/" for 127.0.0.1 at 2018-04-24 11:11:09 +0800
Processing by TopicsController#index as HTML
  Rendering topics/index.html.erb within layouts/application
  [1m[36mTopic Load (1.5ms)[0m  [1m[34mSELECT "topics".* FROM "topics" ORDER BY reading_count desc,created_at desc[0m
  Rendered topics/index.html.erb within layouts/application (21.1ms)
  Rendered layouts/_search.html.erb (0.2ms)
Completed 200 OK in 51ms (Views: 47.3ms | ActiveRecord: 1.5ms)


Started GET "/" for 127.0.0.1 at 2018-04-24 11:12:03 +0800
Processing by TopicsController#index as HTML
  Rendering topics/index.html.erb within layouts/application
  [1m[36mTopic Load (0.4ms)[0m  [1m[34mSELECT "topics".* FROM "topics" ORDER BY reading_count desc,created_at desc[0m
  Rendered topics/index.html.erb within layouts/application (5.4ms)
  Rendered layouts/_search.html.erb (0.2ms)
Completed 200 OK in 26ms (Views: 25.4ms | ActiveRecord: 0.4ms)


Started GET "/" for 127.0.0.1 at 2018-04-24 11:12:37 +0800
Processing by TopicsController#index as HTML
  Rendering topics/index.html.erb within layouts/application
  [1m[36mTopic Load (0.5ms)[0m  [1m[34mSELECT "topics".* FROM "topics" ORDER BY reading_count desc,created_at desc[0m
  Rendered topics/index.html.erb within layouts/application (5.7ms)
  Rendered layouts/_search.html.erb (0.2ms)
Completed 200 OK in 28ms (Views: 26.1ms | ActiveRecord: 0.5ms)


Started GET "/" for 127.0.0.1 at 2018-04-24 11:16:44 +0800
Processing by TopicsController#index as HTML
  Rendering topics/index.html.erb within layouts/application
  [1m[36mTopic Load (1.2ms)[0m  [1m[34mSELECT "topics".* FROM "topics" ORDER BY reading_count desc,created_at desc[0m
  Rendered topics/index.html.erb within layouts/application (15.6ms)
  Rendered layouts/_search.html.erb (0.4ms)
Completed 200 OK in 40ms (Views: 36.7ms | ActiveRecord: 1.2ms)


Started GET "/" for 127.0.0.1 at 2018-04-24 11:16:46 +0800
Processing by TopicsController#index as HTML
  Rendering topics/index.html.erb within layouts/application
  [1m[36mTopic Load (1.4ms)[0m  [1m[34mSELECT "topics".* FROM "topics" ORDER BY reading_count desc,created_at desc[0m
  Rendered topics/index.html.erb within layouts/application (23.3ms)
  Rendered layouts/_search.html.erb (0.4ms)
Completed 200 OK in 58ms (Views: 54.9ms | ActiveRecord: 1.4ms)


Started GET "/" for 127.0.0.1 at 2018-04-24 11:17:51 +0800
Processing by TopicsController#index as HTML
  Rendering topics/index.html.erb within layouts/application
  [1m[36mTopic Load (1.5ms)[0m  [1m[34mSELECT "topics".* FROM "topics" ORDER BY reading_count desc,created_at desc[0m
  Rendered topics/index.html.erb within layouts/application (21.7ms)
  Rendered layouts/_search.html.erb (0.4ms)
Completed 200 OK in 54ms (Views: 48.0ms | ActiveRecord: 1.5ms)


Started POST "/topics/search" for 127.0.0.1 at 2018-04-24 11:17:57 +0800
Processing by TopicsController#search as HTML
  Parameters: {"utf8"=>"âœ“", "authenticity_token"=>"6APOhPMYkesEaZqeAASUFvSnEsr3tKWzMYNaZKgBqqmBK9a+4I3Ta4HFwNs/vKj/A36PQkFc7B1uN0A335eZLA=="}
No template found for TopicsController#search, rendering head :no_content
Completed 204 No Content in 22ms (ActiveRecord: 0.0ms)


Started POST "/topics/search" for 127.0.0.1 at 2018-04-24 11:17:59 +0800
Processing by TopicsController#search as HTML
  Parameters: {"utf8"=>"âœ“", "authenticity_token"=>"6APOhPMYkesEaZqeAASUFvSnEsr3tKWzMYNaZKgBqqmBK9a+4I3Ta4HFwNs/vKj/A36PQkFc7B1uN0A335eZLA=="}
No template found for TopicsController#search, rendering head :no_content
Completed 204 No Content in 18ms (ActiveRecord: 0.0ms)


Started GET "/" for 127.0.0.1 at 2018-04-24 11:18:00 +0800
Processing by TopicsController#index as HTML
  Rendering topics/index.html.erb within layouts/application
  [1m[36mTopic Load (1.4ms)[0m  [1m[34mSELECT "topics".* FROM "topics" ORDER BY reading_count desc,created_at desc[0m
  Rendered topics/index.html.erb within layouts/application (17.9ms)
  Rendered layouts/_search.html.erb (0.5ms)
Completed 200 OK in 55ms (Views: 50.7ms | ActiveRecord: 1.4ms)


Started GET "/" for 127.0.0.1 at 2018-04-24 11:19:09 +0800
Processing by TopicsController#index as HTML
  Rendering topics/index.html.erb within layouts/application
  [1m[36mTopic Load (0.4ms)[0m  [1m[34mSELECT "topics".* FROM "topics" ORDER BY reading_count desc,created_at desc[0m
  Rendered topics/index.html.erb within layouts/application (5.1ms)
  Rendered layouts/_search.html.erb (0.9ms)
Completed 200 OK in 1321ms (Views: 1319.4ms | ActiveRecord: 0.4ms)


Started GET "/" for 127.0.0.1 at 2018-04-24 11:19:20 +0800
Processing by TopicsController#index as HTML
  Rendering topics/index.html.erb within layouts/application
  [1m[36mTopic Load (2.1ms)[0m  [1m[34mSELECT "topics".* FROM "topics" ORDER BY reading_count desc,created_at desc[0m
  Rendered topics/index.html.erb within layouts/application (23.1ms)
  Rendered layouts/_search.html.erb (0.4ms)
Completed 200 OK in 1282ms (Views: 1277.8ms | ActiveRecord: 2.1ms)


Started GET "/topics/Linux%E4%B8%8B%E4%BA%A7%E7%94%9F%E9%9A%8F%E6%9C%BA%E5%AF%86%E7%A0%8110%E6%96%B9%E6%B3%95" for 127.0.0.1 at 2018-04-24 11:19:46 +0800
Processing by TopicsController#show as HTML
  Parameters: {"id"=>"Linuxä¸‹äº§ç”Ÿéšæœºå¯†ç 10æ–¹æ³•"}
  [1m[36mTopic Load (0.8ms)[0m  [1m[34mSELECT  "topics".* FROM "topics" WHERE "topics"."title" = $1 ORDER BY "topics"."id" ASC LIMIT $2[0m  [["title", "Linuxä¸‹äº§ç”Ÿéšæœºå¯†ç 10æ–¹æ³•"], ["LIMIT", 1]]
  [1m[35m (0.4ms)[0m  [1m[35mBEGIN[0m
  [1m[35mSQL (0.8ms)[0m  [1m[33mUPDATE "topics" SET "reading_count" = $1, "updated_at" = $2 WHERE "topics"."id" = $3[0m  [["reading_count", 9], ["updated_at", "2018-04-24 03:19:46.895497"], ["id", 26]]
  [1m[35m (6.9ms)[0m  [1m[35mCOMMIT[0m
  Rendering topics/show.html.erb within layouts/application
=======================================
plaintext
=======================================
plaintext
=======================================
plaintext
=======================================
plaintext
=======================================
plaintext
=======================================
plaintext
=======================================
plaintext
=======================================
plaintext
=======================================
plaintext
=======================================
plaintext
  Rendered topics/show.html.erb within layouts/application (11.2ms)
  Rendered layouts/_search.html.erb (1.0ms)
Completed 200 OK in 86ms (Views: 68.2ms | ActiveRecord: 8.8ms)


Started GET "/topics/Linux%E4%B8%8BLC_ALL=C%E7%9A%84%E5%90%AB%E4%B9%89" for 127.0.0.1 at 2018-04-24 11:19:52 +0800
Processing by TopicsController#show as HTML
  Parameters: {"id"=>"Linuxä¸‹LC_ALL=Cçš„å«ä¹‰"}
  [1m[36mTopic Load (0.7ms)[0m  [1m[34mSELECT  "topics".* FROM "topics" WHERE "topics"."title" = $1 ORDER BY "topics"."id" ASC LIMIT $2[0m  [["title", "Linuxä¸‹LC_ALL=Cçš„å«ä¹‰"], ["LIMIT", 1]]
  [1m[35m (0.3ms)[0m  [1m[35mBEGIN[0m
  [1m[35mSQL (6.4ms)[0m  [1m[33mUPDATE "topics" SET "reading_count" = $1, "updated_at" = $2 WHERE "topics"."id" = $3[0m  [["reading_count", 1], ["updated_at", "2018-04-24 03:19:52.033768"], ["id", 24]]
  [1m[35m (1.0ms)[0m  [1m[35mCOMMIT[0m
  Rendering topics/show.html.erb within layouts/application
  Rendered topics/show.html.erb within layouts/application (1.3ms)
  Rendered layouts/_search.html.erb (0.4ms)
Completed 200 OK in 51ms (Views: 33.1ms | ActiveRecord: 8.3ms)


Started POST "/topics/search" for 127.0.0.1 at 2018-04-24 11:19:59 +0800
Processing by TopicsController#search as HTML
  Parameters: {"utf8"=>"âœ“", "authenticity_token"=>"xjkPaxG8WVpcLHvOvxONWI3TuX2xcOTSsHhU0AVv3LOvERdRAikb2tmAIYuAq7Gxegok9QeYrXzvzE6DcvnvNg=="}
No template found for TopicsController#search, rendering head :no_content
Completed 204 No Content in 39ms (ActiveRecord: 0.0ms)


Started GET "/" for 127.0.0.1 at 2018-04-24 11:22:12 +0800
Processing by TopicsController#index as HTML
  Rendering topics/index.html.erb within layouts/application
  [1m[36mTopic Load (0.4ms)[0m  [1m[34mSELECT "topics".* FROM "topics" ORDER BY reading_count desc,created_at desc[0m
  Rendered topics/index.html.erb within layouts/application (5.3ms)
  Rendered layouts/_search.html.erb (0.4ms)
Completed 200 OK in 25ms (Views: 24.1ms | ActiveRecord: 0.4ms)


Started GET "/" for 127.0.0.1 at 2018-04-24 11:22:28 +0800
Processing by TopicsController#index as HTML
  Rendering topics/index.html.erb within layouts/application
  [1m[36mTopic Load (1.5ms)[0m  [1m[34mSELECT "topics".* FROM "topics" ORDER BY reading_count desc,created_at desc[0m
  Rendered topics/index.html.erb within layouts/application (32.2ms)
  Rendered layouts/_search.html.erb (0.4ms)
Completed 200 OK in 65ms (Views: 61.9ms | ActiveRecord: 1.5ms)


- Gracefully stopping, waiting for requests to finish
=== puma shutdown: 2018-04-24 11:22:33 +0800 ===
- Goodbye!
Exiting
